Log file open, 12/20/21 12:42:12
LogWindows: Failed to load 'aqProf.dll' (GetLastError=126)
LogWindows: File 'aqProf.dll' does not exist
LogWindows: Failed to load 'VtuneApi.dll' (GetLastError=126)
LogWindows: File 'VtuneApi.dll' does not exist
LogWindows: Failed to load 'VtuneApi32e.dll' (GetLastError=126)
LogWindows: File 'VtuneApi32e.dll' does not exist
LogConsoleResponse: Display: Failed to find resolution value strings in scalability ini. Falling back to default.
LogConsoleResponse: Display: Failed to find resolution value strings in scalability ini. Falling back to default.
LogInit: Display: Running engine for game: SnakeGames
LogPlatformFile: Not using cached read wrapper
LogTaskGraph: Started task graph with 5 named threads and 23 total threads with 3 sets of task threads.
LogStats: Stats thread started at 0.451661
LogICUInternationalization: ICU TimeZone Detection - Raw Offset: -4:00, Platform Override: ''
LogInit: Display: Loading text-based GConfig....
LogPluginManager: Mounting plugin MeshPainting
LogPluginManager: Mounting plugin XGEController
LogPluginManager: Mounting plugin Paper2D
LogPluginManager: Mounting plugin EnvironmentQueryEditor
LogPluginManager: Mounting plugin LiveLink
LogPluginManager: Mounting plugin AISupport
LogPluginManager: Mounting plugin LightPropagationVolume
LogPluginManager: Mounting plugin CameraShakePreviewer
LogPluginManager: Mounting plugin GameplayCameras
LogPluginManager: Mounting plugin AssetManagerEditor
LogPluginManager: Mounting plugin OodleNetwork
LogPluginManager: Mounting plugin OodleData
LogPluginManager: Mounting plugin AlembicImporter
LogPluginManager: Mounting plugin BackChannel
LogPluginManager: Mounting plugin AutomationUtils
LogPluginManager: Mounting plugin ChaosCloth
LogPluginManager: Mounting plugin ChaosClothEditor
LogPluginManager: Mounting plugin ChaosEditor
LogPluginManager: Mounting plugin ChaosSolverPlugin
LogPluginManager: Mounting plugin CharacterAI
LogPluginManager: Mounting plugin ChaosNiagara
LogPluginManager: Mounting plugin AnimationSharing
LogPluginManager: Mounting plugin CryptoKeys
LogPluginManager: Mounting plugin CurveEditorTools
LogPluginManager: Mounting plugin DataValidation
LogPluginManager: Mounting plugin GeometryCache
LogPluginManager: Mounting plugin GameplayTagsEditor
LogPluginManager: Mounting plugin FacialAnimation
LogPluginManager: Mounting plugin GeometryMode
LogPluginManager: Mounting plugin CLionSourceCodeAccess
LogPluginManager: Mounting plugin GeometryCollectionPlugin
LogPluginManager: Mounting plugin MacGraphicsSwitching
LogPluginManager: Mounting plugin MaterialAnalyzer
LogPluginManager: Mounting plugin MobileLauncherProfileWizard
LogPluginManager: Mounting plugin PluginBrowser
LogPluginManager: Mounting plugin SpeedTreeImporter
LogPluginManager: Mounting plugin CodeLiteSourceCodeAccess
LogPluginManager: Mounting plugin DatasmithContent
LogPluginManager: Mounting plugin GitSourceControl
LogPluginManager: Mounting plugin KDevelopSourceCodeAccess
LogPluginManager: Mounting plugin NullSourceCodeAccess
LogPluginManager: Mounting plugin PerforceSourceControl
LogPluginManager: Mounting plugin PixWinPlugin
LogPluginManager: Mounting plugin PlasticSourceControl
LogPluginManager: Mounting plugin PluginUtils
LogPluginManager: Mounting plugin RiderLink
LogPluginManager: Mounting plugin RiderSourceCodeAccess
LogPluginManager: Mounting plugin VariantManagerContent
LogPluginManager: Mounting plugin PropertyAccessNode
LogPluginManager: Mounting plugin TextureFormatOodle
LogPluginManager: Mounting plugin SubversionSourceControl
LogPluginManager: Mounting plugin UObjectPlugin
LogPluginManager: Mounting plugin VisualStudioCodeSourceCodeAccess
LogPluginManager: Mounting plugin GeometryProcessing
LogPluginManager: Mounting plugin VisualStudioSourceCodeAccess
LogPluginManager: Mounting plugin XCodeSourceCodeAccess
LogPluginManager: Mounting plugin MotoSynth
LogPluginManager: Mounting plugin OpenImageDenoise
LogPluginManager: Mounting plugin PlanarCut
LogPluginManager: Mounting plugin PlatformCrypto
LogPluginManager: Mounting plugin ProxyLODPlugin
LogPluginManager: Mounting plugin PythonScriptPlugin
LogPluginManager: Mounting plugin SkeletalReduction
LogPluginManager: Mounting plugin Niagara
LogPluginManager: Mounting plugin AndroidMedia
LogPluginManager: Mounting plugin AvfMedia
LogPluginManager: Mounting plugin ImgMedia
LogPluginManager: Mounting plugin MediaCompositing
LogPluginManager: Mounting plugin MediaPlayerEditor
LogPluginManager: Mounting plugin LuminPlatformFeatures
LogPluginManager: Mounting plugin MagicLeap
LogPluginManager: Mounting plugin WebMMedia
LogPluginManager: Mounting plugin MagicLeapLightEstimation
LogPluginManager: Mounting plugin TcpMessaging
LogPluginManager: Mounting plugin UdpMessaging
LogPluginManager: Mounting plugin MagicLeapPassableWorld
LogPluginManager: Mounting plugin MagicLeapMedia
LogPluginManager: Mounting plugin MLSDK
LogPluginManager: Mounting plugin OnlineSubsystem
LogPluginManager: Mounting plugin OnlineSubsystemNull
LogPluginManager: Mounting plugin OnlineSubsystemUtils
LogPluginManager: Mounting plugin LauncherChunkInstaller
LogPluginManager: Mounting plugin ActorLayerUtilities
LogPluginManager: Mounting plugin AndroidDeviceProfileSelector
LogPluginManager: Mounting plugin WmfMedia
LogPluginManager: Mounting plugin AndroidMoviePlayer
LogPluginManager: Mounting plugin AndroidPermission
LogPluginManager: Mounting plugin AppleImageUtils
LogPluginManager: Mounting plugin ArchVisCharacter
LogPluginManager: Mounting plugin AudioSynesthesia
LogPluginManager: Mounting plugin ChunkDownloader
LogPluginManager: Mounting plugin AudioCapture
LogPluginManager: Mounting plugin CustomMeshComponent
LogPluginManager: Mounting plugin AssetTags
LogPluginManager: Mounting plugin ExampleDeviceProfileSelector
LogPluginManager: Mounting plugin EditableMesh
LogPluginManager: Mounting plugin CableComponent
LogPluginManager: Mounting plugin GoogleCloudMessaging
LogPluginManager: Mounting plugin IOSDeviceProfileSelector
LogPluginManager: Mounting plugin LinuxDeviceProfileSelector
LogPluginManager: Mounting plugin GooglePAD
LogPluginManager: Mounting plugin LocationServicesBPLibrary
LogPluginManager: Mounting plugin MobilePatchingUtils
LogPluginManager: Mounting plugin OpenXREyeTracker
LogPluginManager: Mounting plugin OpenXR
LogPluginManager: Mounting plugin OpenXRHandTracking
LogPluginManager: Mounting plugin PhysXVehicles
LogPluginManager: Mounting plugin ProceduralMeshComponent
LogPluginManager: Mounting plugin PostSplashScreen
LogPluginManager: Mounting plugin PropertyAccessEditor
LogPluginManager: Mounting plugin RuntimePhysXCooking
LogPluginManager: Mounting plugin SignificanceManager
LogPluginManager: Mounting plugin SoundFields
LogPluginManager: Mounting plugin ScreenshotTools
LogPluginManager: Mounting plugin Synthesis
LogPluginManager: Mounting plugin WebMMoviePlayer
LogPluginManager: Mounting plugin WindowsMoviePlayer
LogPluginManager: Mounting plugin ActorSequence
LogPluginManager: Mounting plugin AppleMoviePlayer
LogPluginManager: Mounting plugin Takes
LogPluginManager: Mounting plugin LevelSequenceEditor
LogPluginManager: Mounting plugin MatineeToLevelSequence
LogPluginManager: Mounting plugin TemplateSequence
LogPluginManager: Mounting plugin ContentBrowserAssetDataSource
LogPluginManager: Mounting plugin ContentBrowserClassDataSource
LogPluginManager: Mounting plugin ContentBrowserFileDataSource
LogPluginManager: Mounting plugin OnlineSubsystemGooglePlay
LogPluginManager: Mounting plugin OnlineSubsystemIOS
LogPluginManager: Mounting plugin OculusVR
LogPluginManager: Mounting plugin SteamVR
PixWinPlugin: PIX capture plugin failed to initialize! Check that the process is launched from PIX.
LogLuminAPIImpl: Warning: MLSDK not found.  This likely means the MLSDK environment variable is not set.
LogInit: Using libcurl 7.55.1-DEV
LogInit:  - built for x86_64-pc-win32
LogInit:  - supports SSL with OpenSSL/1.1.1
LogInit:  - supports HTTP deflate (compression) using libz 1.2.8
LogInit:  - other features:
LogInit:      CURL_VERSION_SSL
LogInit:      CURL_VERSION_LIBZ
LogInit:      CURL_VERSION_IPV6
LogInit:      CURL_VERSION_ASYNCHDNS
LogInit:      CURL_VERSION_LARGEFILE
LogInit:      CURL_VERSION_IDN
LogInit:  CurlRequestOptions (configurable via config and command line):
LogInit:  - bVerifyPeer = true  - Libcurl will verify peer certificate
LogInit:  - bUseHttpProxy = false  - Libcurl will NOT use HTTP proxy
LogInit:  - bDontReuseConnections = false  - Libcurl will reuse connections
LogInit:  - MaxHostConnections = 16  - Libcurl will limit the number of connections to a host
LogInit:  - LocalHostAddr = Default
LogInit:  - BufferSize = 65536
LogOnline: OSS: Creating online subsystem instance for: NULL
LogInit: WinSock: version 1.1 (2.2), MaxSocks=32767, MaxUdp=65467
LogOnline: OSS: TryLoadSubsystemAndSetDefault: Loaded subsystem for module [NULL]
LogOculusPluginWrapper: OculusPlugin initialized successfully
LogHMD: Failed initializing OVRPlugin 1.59.0
LogInit: Build: ++UE4+Release-4.27-CL-18319896
LogInit: Engine Version: 4.27.2-18319896+++UE4+Release-4.27
LogInit: Compatible Engine Version: 4.27.0-17155196+++UE4+Release-4.27
LogInit: Net CL: 17155196
LogInit: OS: Windows 10 (Release 2009) (), CPU: Intel(R) Core(TM) i7-7700HQ CPU @ 2.80GHz, GPU: Intel(R) HD Graphics 630
LogInit: Compiled (64-bit): Nov 30 2021 07:12:08
LogInit: Compiled with Visual C++: 19.24.28315.00
LogInit: Build Configuration: Development
LogInit: Branch Name: ++UE4+Release-4.27
LogInit: Command Line: 
LogInit: Base Directory: D:/Games/UE_4.27/Engine/Binaries/Win64/
LogInit: Allocator: TBB
LogInit: Installed Engine Build: 1
LogDevObjectVersion: Number of dev versions registered: 29
LogDevObjectVersion:   Dev-Blueprints (B0D832E4-1F89-4F0D-ACCF-7EB736FD4AA2): 10
LogDevObjectVersion:   Dev-Build (E1C64328-A22C-4D53-A36C-8E866417BD8C): 0
LogDevObjectVersion:   Dev-Core (375EC13C-06E4-48FB-B500-84F0262A717E): 4
LogDevObjectVersion:   Dev-Editor (E4B068ED-F494-42E9-A231-DA0B2E46BB41): 40
LogDevObjectVersion:   Dev-Framework (CFFC743F-43B0-4480-9391-14DF171D2073): 37
LogDevObjectVersion:   Dev-Mobile (B02B49B5-BB20-44E9-A304-32B752E40360): 3
LogDevObjectVersion:   Dev-Networking (A4E4105C-59A1-49B5-A7C5-40C4547EDFEE): 0
LogDevObjectVersion:   Dev-Online (39C831C9-5AE6-47DC-9A44-9C173E1C8E7C): 0
LogDevObjectVersion:   Dev-Physics (78F01B33-EBEA-4F98-B9B4-84EACCB95AA2): 14
LogDevObjectVersion:   Dev-Platform (6631380F-2D4D-43E0-8009-CF276956A95A): 0
LogDevObjectVersion:   Dev-Rendering (12F88B9F-8875-4AFC-A67C-D90C383ABD29): 45
LogDevObjectVersion:   Dev-Sequencer (7B5AE74C-D270-4C10-A958-57980B212A5A): 13
LogDevObjectVersion:   Dev-VR (D7296918-1DD6-4BDD-9DE2-64A83CC13884): 3
LogDevObjectVersion:   Dev-LoadTimes (C2A15278-BFE7-4AFE-6C17-90FF531DF755): 1
LogDevObjectVersion:   Private-Geometry (6EACA3D4-40EC-4CC1-B786-8BED09428FC5): 3
LogDevObjectVersion:   Dev-AnimPhys (29E575DD-E0A3-4627-9D10-D276232CDCEA): 17
LogDevObjectVersion:   Dev-Anim (AF43A65D-7FD3-4947-9873-3E8ED9C1BB05): 15
LogDevObjectVersion:   Dev-ReflectionCapture (6B266CEC-1EC7-4B8F-A30B-E4D90942FC07): 1
LogDevObjectVersion:   Dev-Automation (0DF73D61-A23F-47EA-B727-89E90C41499A): 1
LogDevObjectVersion:   FortniteMain (601D1886-AC64-4F84-AA16-D3DE0DEAC7D6): 47
LogDevObjectVersion:   FortniteRelease (E7086368-6B23-4C58-8439-1B7016265E91): 1
LogDevObjectVersion:   Dev-Enterprise (9DFFBCD6-494F-0158-E221-12823C92A888): 10
LogDevObjectVersion:   Dev-Niagara (F2AED0AC-9AFE-416F-8664-AA7FFA26D6FC): 1
LogDevObjectVersion:   Dev-Destruction (174F1F0B-B4C6-45A5-B13F-2EE8D0FB917D): 10
LogDevObjectVersion:   Dev-Physics-Ext (35F94A83-E258-406C-A318-09F59610247C): 41
LogDevObjectVersion:   Dev-PhysicsMaterial-Chaos (B68FC16E-8B1B-42E2-B453-215C058844FE): 1
LogDevObjectVersion:   Dev-CineCamera (B2E18506-4273-CFC2-A54E-F4BB758BBA07): 1
LogDevObjectVersion:   Dev-VirtualProduction (64F58936-FD1B-42BA-BA96-7289D5D0FA4E): 1
LogDevObjectVersion:   Dev-MediaFramework (6F0ED827-A609-4895-9C91-998D90180EA4): 2
LogInit: Presizing for max 25165824 objects, including 0 objects not considered by GC, pre-allocating 0 bytes for permanent pool.
LogConfig: Applying CVar settings from Section [/Script/Engine.StreamingSettings] File [D:/jesus/Projects/SnakeGames/SnakeGames/Saved/Config/Windows/Engine.ini]
LogConfig: Setting CVar [[s.MinBulkDataSizeForAsyncLoading:131072]]
LogConfig: Setting CVar [[s.AsyncLoadingThreadEnabled:0]]
LogConfig: Setting CVar [[s.EventDrivenLoaderEnabled:1]]
LogConfig: Setting CVar [[s.WarnIfTimeLimitExceeded:0]]
LogConfig: Setting CVar [[s.TimeLimitExceededMultiplier:1.5]]
LogConfig: Setting CVar [[s.TimeLimitExceededMinTime:0.005]]
LogConfig: Setting CVar [[s.UseBackgroundLevelStreaming:1]]
LogConfig: Setting CVar [[s.PriorityAsyncLoadingExtraTime:15.0]]
LogConfig: Setting CVar [[s.LevelStreamingActorsUpdateTimeLimit:5.0]]
LogConfig: Setting CVar [[s.PriorityLevelStreamingActorsUpdateExtraTime:5.0]]
LogConfig: Setting CVar [[s.LevelStreamingComponentsRegistrationGranularity:10]]
LogConfig: Setting CVar [[s.UnregisterComponentsTimeLimit:1.0]]
LogConfig: Setting CVar [[s.LevelStreamingComponentsUnregistrationGranularity:5]]
LogConfig: Setting CVar [[s.FlushStreamingOnExit:1]]
LogInit: Object subsystem initialized
LogConfig: Setting CVar [[con.DebugEarlyDefault:1]]
LogConfig: Setting CVar [[r.setres:1280x720]]
[2021.12.20-15.42.13:476][  0]LogConfig: Setting CVar [[r.VSync:0]]
[2021.12.20-15.42.13:476][  0]LogConfig: Setting CVar [[r.RHICmdBypass:0]]
[2021.12.20-15.42.13:476][  0]LogConfig: Applying CVar settings from Section [/Script/Engine.RendererSettings] File [D:/jesus/Projects/SnakeGames/SnakeGames/Saved/Config/Windows/Engine.ini]
[2021.12.20-15.42.13:476][  0]LogConfig: Setting CVar [[r.GPUCrashDebugging:0]]
[2021.12.20-15.42.13:476][  0]LogConfig: Applying CVar settings from Section [/Script/Engine.RendererOverrideSettings] File [D:/jesus/Projects/SnakeGames/SnakeGames/Saved/Config/Windows/Engine.ini]
[2021.12.20-15.42.13:476][  0]LogConfig: Applying CVar settings from Section [/Script/Engine.StreamingSettings] File [D:/jesus/Projects/SnakeGames/SnakeGames/Saved/Config/Windows/Engine.ini]
[2021.12.20-15.42.13:476][  0]LogConfig: Setting CVar [[s.MinBulkDataSizeForAsyncLoading:131072]]
[2021.12.20-15.42.13:476][  0]LogConfig: Setting CVar [[s.AsyncLoadingThreadEnabled:0]]
[2021.12.20-15.42.13:476][  0]LogConfig: Setting CVar [[s.EventDrivenLoaderEnabled:1]]
[2021.12.20-15.42.13:476][  0]LogConfig: Setting CVar [[s.WarnIfTimeLimitExceeded:0]]
[2021.12.20-15.42.13:476][  0]LogConfig: Setting CVar [[s.TimeLimitExceededMultiplier:1.5]]
[2021.12.20-15.42.13:476][  0]LogConfig: Setting CVar [[s.TimeLimitExceededMinTime:0.005]]
[2021.12.20-15.42.13:476][  0]LogConfig: Setting CVar [[s.UseBackgroundLevelStreaming:1]]
[2021.12.20-15.42.13:476][  0]LogConfig: Setting CVar [[s.PriorityAsyncLoadingExtraTime:15.0]]
[2021.12.20-15.42.13:476][  0]LogConfig: Setting CVar [[s.LevelStreamingActorsUpdateTimeLimit:5.0]]
[2021.12.20-15.42.13:476][  0]LogConfig: Setting CVar [[s.PriorityLevelStreamingActorsUpdateExtraTime:5.0]]
[2021.12.20-15.42.13:476][  0]LogConfig: Setting CVar [[s.LevelStreamingComponentsRegistrationGranularity:10]]
[2021.12.20-15.42.13:476][  0]LogConfig: Setting CVar [[s.UnregisterComponentsTimeLimit:1.0]]
[2021.12.20-15.42.13:476][  0]LogConfig: Setting CVar [[s.LevelStreamingComponentsUnregistrationGranularity:5]]
[2021.12.20-15.42.13:476][  0]LogConfig: Setting CVar [[s.FlushStreamingOnExit:1]]
[2021.12.20-15.42.13:476][  0]LogConfig: Applying CVar settings from Section [/Script/Engine.GarbageCollectionSettings] File [D:/jesus/Projects/SnakeGames/SnakeGames/Saved/Config/Windows/Engine.ini]
[2021.12.20-15.42.13:476][  0]LogConfig: Setting CVar [[gc.MaxObjectsNotConsideredByGC:1]]
[2021.12.20-15.42.13:476][  0]LogConfig: Setting CVar [[gc.SizeOfPermanentObjectPool:0]]
[2021.12.20-15.42.13:476][  0]LogConfig: Setting CVar [[gc.FlushStreamingOnGC:0]]
[2021.12.20-15.42.13:476][  0]LogConfig: Setting CVar [[gc.NumRetriesBeforeForcingGC:10]]
[2021.12.20-15.42.13:476][  0]LogConfig: Setting CVar [[gc.AllowParallelGC:1]]
[2021.12.20-15.42.13:476][  0]LogConfig: Setting CVar [[gc.TimeBetweenPurgingPendingKillObjects:61.1]]
[2021.12.20-15.42.13:476][  0]LogConfig: Setting CVar [[gc.MaxObjectsInEditor:25165824]]
[2021.12.20-15.42.13:476][  0]LogConfig: Setting CVar [[gc.IncrementalBeginDestroyEnabled:1]]
[2021.12.20-15.42.13:476][  0]LogConfig: Setting CVar [[gc.CreateGCClusters:1]]
[2021.12.20-15.42.13:477][  0]LogConfig: Setting CVar [[gc.MinGCClusterSize:5]]
[2021.12.20-15.42.13:477][  0]LogConfig: Setting CVar [[gc.ActorClusteringEnabled:0]]
[2021.12.20-15.42.13:477][  0]LogConfig: Setting CVar [[gc.BlueprintClusteringEnabled:0]]
[2021.12.20-15.42.13:477][  0]LogConfig: Setting CVar [[gc.UseDisregardForGCOnDedicatedServers:0]]
[2021.12.20-15.42.13:477][  0]LogConfig: Setting CVar [[gc.MultithreadedDestructionEnabled:1]]
[2021.12.20-15.42.13:477][  0]LogConfig: Applying CVar settings from Section [/Script/Engine.NetworkSettings] File [D:/jesus/Projects/SnakeGames/SnakeGames/Saved/Config/Windows/Engine.ini]
[2021.12.20-15.42.13:477][  0]LogConfig: Applying CVar settings from Section [/Script/UnrealEd.CookerSettings] File [D:/jesus/Projects/SnakeGames/SnakeGames/Saved/Config/Windows/Engine.ini]
[2021.12.20-15.42.13:487][  0]LogConfig: Applying CVar settings from Section [ViewDistanceQuality@3] File [D:/jesus/Projects/SnakeGames/SnakeGames/Saved/Config/Windows/Scalability.ini]
[2021.12.20-15.42.13:487][  0]LogConfig: Setting CVar [[r.SkeletalMeshLODBias:0]]
[2021.12.20-15.42.13:487][  0]LogConfig: Setting CVar [[r.ViewDistanceScale:1.0]]
[2021.12.20-15.42.13:487][  0]LogConfig: Applying CVar settings from Section [AntiAliasingQuality@3] File [D:/jesus/Projects/SnakeGames/SnakeGames/Saved/Config/Windows/Scalability.ini]
[2021.12.20-15.42.13:487][  0]LogConfig: Setting CVar [[r.PostProcessAAQuality:4]]
[2021.12.20-15.42.13:487][  0]LogConfig: Applying CVar settings from Section [ShadowQuality@3] File [D:/jesus/Projects/SnakeGames/SnakeGames/Saved/Config/Windows/Scalability.ini]
[2021.12.20-15.42.13:487][  0]LogConfig: Setting CVar [[r.LightFunctionQuality:1]]
[2021.12.20-15.42.13:487][  0]LogConfig: Setting CVar [[r.ShadowQuality:5]]
[2021.12.20-15.42.13:487][  0]LogConfig: Setting CVar [[r.Shadow.CSM.MaxCascades:10]]
[2021.12.20-15.42.13:487][  0]LogConfig: Setting CVar [[r.Shadow.MaxResolution:2048]]
[2021.12.20-15.42.13:487][  0]LogConfig: Setting CVar [[r.Shadow.MaxCSMResolution:2048]]
[2021.12.20-15.42.13:487][  0]LogConfig: Setting CVar [[r.Shadow.RadiusThreshold:0.01]]
[2021.12.20-15.42.13:487][  0]LogConfig: Setting CVar [[r.Shadow.DistanceScale:1.0]]
[2021.12.20-15.42.13:487][  0]LogConfig: Setting CVar [[r.Shadow.CSM.TransitionScale:1.0]]
[2021.12.20-15.42.13:487][  0]LogConfig: Setting CVar [[r.Shadow.PreShadowResolutionFactor:1.0]]
[2021.12.20-15.42.13:487][  0]LogConfig: Setting CVar [[r.DistanceFieldShadowing:1]]
[2021.12.20-15.42.13:487][  0]LogConfig: Setting CVar [[r.DistanceFieldAO:1]]
[2021.12.20-15.42.13:487][  0]LogConfig: Setting CVar [[r.AOQuality:2]]
[2021.12.20-15.42.13:487][  0]LogConfig: Setting CVar [[r.VolumetricFog:1]]
[2021.12.20-15.42.13:487][  0]LogConfig: Setting CVar [[r.VolumetricFog.GridPixelSize:8]]
[2021.12.20-15.42.13:487][  0]LogConfig: Setting CVar [[r.VolumetricFog.GridSizeZ:128]]
[2021.12.20-15.42.13:487][  0]LogConfig: Setting CVar [[r.VolumetricFog.HistoryMissSupersampleCount:4]]
[2021.12.20-15.42.13:487][  0]LogConfig: Setting CVar [[r.LightMaxDrawDistanceScale:1]]
[2021.12.20-15.42.13:487][  0]LogConfig: Setting CVar [[r.CapsuleShadows:1]]
[2021.12.20-15.42.13:487][  0]LogConfig: Applying CVar settings from Section [PostProcessQuality@3] File [D:/jesus/Projects/SnakeGames/SnakeGames/Saved/Config/Windows/Scalability.ini]
[2021.12.20-15.42.13:487][  0]LogConfig: Setting CVar [[r.MotionBlurQuality:4]]
[2021.12.20-15.42.13:487][  0]LogConfig: Setting CVar [[r.AmbientOcclusionMipLevelFactor:0.4]]
[2021.12.20-15.42.13:487][  0]LogConfig: Setting CVar [[r.AmbientOcclusionMaxQuality:100]]
[2021.12.20-15.42.13:487][  0]LogConfig: Setting CVar [[r.AmbientOcclusionLevels:-1]]
[2021.12.20-15.42.13:487][  0]LogConfig: Setting CVar [[r.AmbientOcclusionRadiusScale:1.0]]
[2021.12.20-15.42.13:487][  0]LogConfig: Setting CVar [[r.DepthOfFieldQuality:2]]
[2021.12.20-15.42.13:487][  0]LogConfig: Setting CVar [[r.RenderTargetPoolMin:400]]
[2021.12.20-15.42.13:487][  0]LogConfig: Setting CVar [[r.LensFlareQuality:2]]
[2021.12.20-15.42.13:487][  0]LogConfig: Setting CVar [[r.SceneColorFringeQuality:1]]
[2021.12.20-15.42.13:487][  0]LogConfig: Setting CVar [[r.EyeAdaptationQuality:2]]
[2021.12.20-15.42.13:487][  0]LogConfig: Setting CVar [[r.BloomQuality:5]]
[2021.12.20-15.42.13:487][  0]LogConfig: Setting CVar [[r.FastBlurThreshold:100]]
[2021.12.20-15.42.13:487][  0]LogConfig: Setting CVar [[r.Upscale.Quality:3]]
[2021.12.20-15.42.13:488][  0]LogConfig: Setting CVar [[r.Tonemapper.GrainQuantization:1]]
[2021.12.20-15.42.13:488][  0]LogConfig: Setting CVar [[r.LightShaftQuality:1]]
[2021.12.20-15.42.13:488][  0]LogConfig: Setting CVar [[r.Filter.SizeScale:1]]
[2021.12.20-15.42.13:488][  0]LogConfig: Setting CVar [[r.Tonemapper.Quality:5]]
[2021.12.20-15.42.13:488][  0]LogConfig: Setting CVar [[r.DOF.Gather.AccumulatorQuality:1        ; higher gathering accumulator quality]]
[2021.12.20-15.42.13:488][  0]LogConfig: Setting CVar [[r.DOF.Gather.PostfilterMethod:1          ; Median3x3 postfilering method]]
[2021.12.20-15.42.13:488][  0]LogConfig: Setting CVar [[r.DOF.Gather.EnableBokehSettings:0       ; no bokeh simulation when gathering]]
[2021.12.20-15.42.13:488][  0]LogConfig: Setting CVar [[r.DOF.Gather.RingCount:4                 ; medium number of samples when gathering]]
[2021.12.20-15.42.13:488][  0]LogConfig: Setting CVar [[r.DOF.Scatter.ForegroundCompositing:1    ; additive foreground scattering]]
[2021.12.20-15.42.13:488][  0]LogConfig: Setting CVar [[r.DOF.Scatter.BackgroundCompositing:2    ; additive background scattering]]
[2021.12.20-15.42.13:488][  0]LogConfig: Setting CVar [[r.DOF.Scatter.EnableBokehSettings:1      ; bokeh simulation when scattering]]
[2021.12.20-15.42.13:488][  0]LogConfig: Setting CVar [[r.DOF.Scatter.MaxSpriteRatio:0.1         ; only a maximum of 10% of scattered bokeh]]
[2021.12.20-15.42.13:488][  0]LogConfig: Setting CVar [[r.DOF.Recombine.Quality:1                ; cheap slight out of focus]]
[2021.12.20-15.42.13:488][  0]LogConfig: Setting CVar [[r.DOF.Recombine.EnableBokehSettings:0    ; no bokeh simulation on slight out of focus]]
[2021.12.20-15.42.13:488][  0]LogConfig: Setting CVar [[r.DOF.TemporalAAQuality:1                ; more stable temporal accumulation]]
[2021.12.20-15.42.13:488][  0]LogConfig: Setting CVar [[r.DOF.Kernel.MaxForegroundRadius:0.025]]
[2021.12.20-15.42.13:488][  0]LogConfig: Setting CVar [[r.DOF.Kernel.MaxBackgroundRadius:0.025]]
[2021.12.20-15.42.13:488][  0]LogConfig: Applying CVar settings from Section [TextureQuality@3] File [D:/jesus/Projects/SnakeGames/SnakeGames/Saved/Config/Windows/Scalability.ini]
[2021.12.20-15.42.13:488][  0]LogConfig: Setting CVar [[r.Streaming.MipBias:0]]
[2021.12.20-15.42.13:488][  0]LogConfig: Setting CVar [[r.Streaming.AmortizeCPUToGPUCopy:0]]
[2021.12.20-15.42.13:488][  0]LogConfig: Setting CVar [[r.Streaming.MaxNumTexturesToStreamPerFrame:0]]
[2021.12.20-15.42.13:488][  0]LogConfig: Setting CVar [[r.Streaming.Boost:1]]
[2021.12.20-15.42.13:488][  0]LogConfig: Setting CVar [[r.MaxAnisotropy:8]]
[2021.12.20-15.42.13:488][  0]LogConfig: Setting CVar [[r.VT.MaxAnisotropy:8]]
[2021.12.20-15.42.13:488][  0]LogConfig: Setting CVar [[r.Streaming.LimitPoolSizeToVRAM:0]]
[2021.12.20-15.42.13:488][  0]LogConfig: Setting CVar [[r.Streaming.PoolSize:1000]]
[2021.12.20-15.42.13:488][  0]LogConfig: Setting CVar [[r.Streaming.MaxEffectiveScreenSize:0]]
[2021.12.20-15.42.13:488][  0]LogConfig: Applying CVar settings from Section [EffectsQuality@3] File [D:/jesus/Projects/SnakeGames/SnakeGames/Saved/Config/Windows/Scalability.ini]
[2021.12.20-15.42.13:488][  0]LogConfig: Setting CVar [[r.TranslucencyLightingVolumeDim:64]]
[2021.12.20-15.42.13:488][  0]LogConfig: Setting CVar [[r.RefractionQuality:2]]
[2021.12.20-15.42.13:488][  0]LogConfig: Setting CVar [[r.SSR.Quality:3]]
[2021.12.20-15.42.13:488][  0]LogConfig: Setting CVar [[r.SSR.HalfResSceneColor:0]]
[2021.12.20-15.42.13:488][  0]LogConfig: Setting CVar [[r.SceneColorFormat:4]]
[2021.12.20-15.42.13:488][  0]LogConfig: Setting CVar [[r.DetailMode:2]]
[2021.12.20-15.42.13:488][  0]LogConfig: Setting CVar [[r.TranslucencyVolumeBlur:1]]
[2021.12.20-15.42.13:488][  0]LogConfig: Setting CVar [[r.MaterialQualityLevel:1 ; High quality]]
[2021.12.20-15.42.13:488][  0]LogConfig: Setting CVar [[r.AnisotropicMaterials:1]]
[2021.12.20-15.42.13:488][  0]LogConfig: Setting CVar [[r.SSS.Scale:1]]
[2021.12.20-15.42.13:488][  0]LogConfig: Setting CVar [[r.SSS.SampleSet:2]]
[2021.12.20-15.42.13:488][  0]LogConfig: Setting CVar [[r.SSS.Quality:1]]
[2021.12.20-15.42.13:488][  0]LogConfig: Setting CVar [[r.SSS.HalfRes:0]]
[2021.12.20-15.42.13:488][  0]LogConfig: Setting CVar [[r.SSGI.Quality:3]]
[2021.12.20-15.42.13:488][  0]LogConfig: Setting CVar [[r.EmitterSpawnRateScale:1.0]]
[2021.12.20-15.42.13:488][  0]LogConfig: Setting CVar [[r.ParticleLightQuality:2]]
[2021.12.20-15.42.13:488][  0]LogConfig: Setting CVar [[r.SkyAtmosphere.AerialPerspectiveLUT.FastApplyOnOpaque:1 ; Always have FastSkyLUT 1 in this case to avoid wrong sky]]
[2021.12.20-15.42.13:488][  0]LogConfig: Setting CVar [[r.SkyAtmosphere.AerialPerspectiveLUT.SampleCountMaxPerSlice:4]]
[2021.12.20-15.42.13:488][  0]LogConfig: Setting CVar [[r.SkyAtmosphere.AerialPerspectiveLUT.DepthResolution:16.0]]
[2021.12.20-15.42.13:488][  0]LogConfig: Setting CVar [[r.SkyAtmosphere.FastSkyLUT:1]]
[2021.12.20-15.42.13:488][  0]LogConfig: Setting CVar [[r.SkyAtmosphere.FastSkyLUT.SampleCountMin:4.0]]
[2021.12.20-15.42.13:488][  0]LogConfig: Setting CVar [[r.SkyAtmosphere.FastSkyLUT.SampleCountMax:128.0]]
[2021.12.20-15.42.13:488][  0]LogConfig: Setting CVar [[r.SkyAtmosphere.SampleCountMin:4.0]]
[2021.12.20-15.42.13:488][  0]LogConfig: Setting CVar [[r.SkyAtmosphere.SampleCountMax:128.0]]
[2021.12.20-15.42.13:488][  0]LogConfig: Setting CVar [[r.SkyAtmosphere.TransmittanceLUT.UseSmallFormat:0]]
[2021.12.20-15.42.13:488][  0]LogConfig: Setting CVar [[r.SkyAtmosphere.TransmittanceLUT.SampleCount:10.0]]
[2021.12.20-15.42.13:488][  0]LogConfig: Setting CVar [[r.SkyAtmosphere.MultiScatteringLUT.SampleCount:15.0]]
[2021.12.20-15.42.13:488][  0]LogConfig: Setting CVar [[r.SkyLight.RealTimeReflectionCapture:1]]
[2021.12.20-15.42.13:488][  0]LogConfig: Applying CVar settings from Section [FoliageQuality@3] File [D:/jesus/Projects/SnakeGames/SnakeGames/Saved/Config/Windows/Scalability.ini]
[2021.12.20-15.42.13:488][  0]LogConfig: Setting CVar [[foliage.DensityScale:1.0]]
[2021.12.20-15.42.13:488][  0]LogConfig: Setting CVar [[grass.DensityScale:1.0]]
[2021.12.20-15.42.13:488][  0]LogConfig: Applying CVar settings from Section [ShadingQuality@3] File [D:/jesus/Projects/SnakeGames/SnakeGames/Saved/Config/Windows/Scalability.ini]
[2021.12.20-15.42.13:488][  0]LogConfig: Setting CVar [[r.HairStrands.SkyLighting.IntegrationType:2]]
[2021.12.20-15.42.13:488][  0]LogConfig: Setting CVar [[r.HairStrands.SkyAO.SampleCount:4]]
[2021.12.20-15.42.13:488][  0]LogConfig: Setting CVar [[r.HairStrands.Visibility.MSAA.SamplePerPixel:4]]
[2021.12.20-15.42.13:488][  0]LogInit: Selected Device Profile: [Windows]
[2021.12.20-15.42.13:488][  0]LogInit: Applying CVar settings loaded from the selected device profile: [Windows]
[2021.12.20-15.42.13:488][  0]LogHAL: Display: Platform has ~ 12 GB [12763226112 / 17179869184 / 12], which maps to Larger [LargestMinGB=32, LargerMinGB=12, DefaultMinGB=8, SmallerMinGB=6, SmallestMinGB=0)
[2021.12.20-15.42.13:488][  0]LogInit: Going up to parent DeviceProfile []
[2021.12.20-15.42.13:489][  0]LogConfig: Applying CVar settings from Section [ViewDistanceQuality@3] File [D:/jesus/Projects/SnakeGames/SnakeGames/Saved/Config/Windows/Scalability.ini]
[2021.12.20-15.42.13:489][  0]LogConfig: Setting CVar [[r.SkeletalMeshLODBias:0]]
[2021.12.20-15.42.13:489][  0]LogConfig: Setting CVar [[r.ViewDistanceScale:1.0]]
[2021.12.20-15.42.13:489][  0]LogConfig: Applying CVar settings from Section [AntiAliasingQuality@3] File [D:/jesus/Projects/SnakeGames/SnakeGames/Saved/Config/Windows/Scalability.ini]
[2021.12.20-15.42.13:489][  0]LogConfig: Setting CVar [[r.PostProcessAAQuality:4]]
[2021.12.20-15.42.13:489][  0]LogConfig: Applying CVar settings from Section [ShadowQuality@3] File [D:/jesus/Projects/SnakeGames/SnakeGames/Saved/Config/Windows/Scalability.ini]
[2021.12.20-15.42.13:489][  0]LogConfig: Setting CVar [[r.LightFunctionQuality:1]]
[2021.12.20-15.42.13:489][  0]LogConfig: Setting CVar [[r.ShadowQuality:5]]
[2021.12.20-15.42.13:489][  0]LogConfig: Setting CVar [[r.Shadow.CSM.MaxCascades:10]]
[2021.12.20-15.42.13:489][  0]LogConfig: Setting CVar [[r.Shadow.MaxResolution:2048]]
[2021.12.20-15.42.13:489][  0]LogConfig: Setting CVar [[r.Shadow.MaxCSMResolution:2048]]
[2021.12.20-15.42.13:489][  0]LogConfig: Setting CVar [[r.Shadow.RadiusThreshold:0.01]]
[2021.12.20-15.42.13:489][  0]LogConfig: Setting CVar [[r.Shadow.DistanceScale:1.0]]
[2021.12.20-15.42.13:489][  0]LogConfig: Setting CVar [[r.Shadow.CSM.TransitionScale:1.0]]
[2021.12.20-15.42.13:489][  0]LogConfig: Setting CVar [[r.Shadow.PreShadowResolutionFactor:1.0]]
[2021.12.20-15.42.13:489][  0]LogConfig: Setting CVar [[r.DistanceFieldShadowing:1]]
[2021.12.20-15.42.13:489][  0]LogConfig: Setting CVar [[r.DistanceFieldAO:1]]
[2021.12.20-15.42.13:489][  0]LogConfig: Setting CVar [[r.AOQuality:2]]
[2021.12.20-15.42.13:489][  0]LogConfig: Setting CVar [[r.VolumetricFog:1]]
[2021.12.20-15.42.13:489][  0]LogConfig: Setting CVar [[r.VolumetricFog.GridPixelSize:8]]
[2021.12.20-15.42.13:489][  0]LogConfig: Setting CVar [[r.VolumetricFog.GridSizeZ:128]]
[2021.12.20-15.42.13:489][  0]LogConfig: Setting CVar [[r.VolumetricFog.HistoryMissSupersampleCount:4]]
[2021.12.20-15.42.13:489][  0]LogConfig: Setting CVar [[r.LightMaxDrawDistanceScale:1]]
[2021.12.20-15.42.13:489][  0]LogConfig: Setting CVar [[r.CapsuleShadows:1]]
[2021.12.20-15.42.13:489][  0]LogConfig: Applying CVar settings from Section [PostProcessQuality@3] File [D:/jesus/Projects/SnakeGames/SnakeGames/Saved/Config/Windows/Scalability.ini]
[2021.12.20-15.42.13:489][  0]LogConfig: Setting CVar [[r.MotionBlurQuality:4]]
[2021.12.20-15.42.13:489][  0]LogConfig: Setting CVar [[r.AmbientOcclusionMipLevelFactor:0.4]]
[2021.12.20-15.42.13:489][  0]LogConfig: Setting CVar [[r.AmbientOcclusionMaxQuality:100]]
[2021.12.20-15.42.13:489][  0]LogConfig: Setting CVar [[r.AmbientOcclusionLevels:-1]]
[2021.12.20-15.42.13:489][  0]LogConfig: Setting CVar [[r.AmbientOcclusionRadiusScale:1.0]]
[2021.12.20-15.42.13:489][  0]LogConfig: Setting CVar [[r.DepthOfFieldQuality:2]]
[2021.12.20-15.42.13:489][  0]LogConfig: Setting CVar [[r.RenderTargetPoolMin:400]]
[2021.12.20-15.42.13:489][  0]LogConfig: Setting CVar [[r.LensFlareQuality:2]]
[2021.12.20-15.42.13:489][  0]LogConfig: Setting CVar [[r.SceneColorFringeQuality:1]]
[2021.12.20-15.42.13:489][  0]LogConfig: Setting CVar [[r.EyeAdaptationQuality:2]]
[2021.12.20-15.42.13:489][  0]LogConfig: Setting CVar [[r.BloomQuality:5]]
[2021.12.20-15.42.13:489][  0]LogConfig: Setting CVar [[r.FastBlurThreshold:100]]
[2021.12.20-15.42.13:489][  0]LogConfig: Setting CVar [[r.Upscale.Quality:3]]
[2021.12.20-15.42.13:489][  0]LogConfig: Setting CVar [[r.Tonemapper.GrainQuantization:1]]
[2021.12.20-15.42.13:489][  0]LogConfig: Setting CVar [[r.LightShaftQuality:1]]
[2021.12.20-15.42.13:489][  0]LogConfig: Setting CVar [[r.Filter.SizeScale:1]]
[2021.12.20-15.42.13:489][  0]LogConfig: Setting CVar [[r.Tonemapper.Quality:5]]
[2021.12.20-15.42.13:489][  0]LogConfig: Setting CVar [[r.DOF.Gather.AccumulatorQuality:1        ; higher gathering accumulator quality]]
[2021.12.20-15.42.13:489][  0]LogConfig: Setting CVar [[r.DOF.Gather.PostfilterMethod:1          ; Median3x3 postfilering method]]
[2021.12.20-15.42.13:489][  0]LogConfig: Setting CVar [[r.DOF.Gather.EnableBokehSettings:0       ; no bokeh simulation when gathering]]
[2021.12.20-15.42.13:489][  0]LogConfig: Setting CVar [[r.DOF.Gather.RingCount:4                 ; medium number of samples when gathering]]
[2021.12.20-15.42.13:489][  0]LogConfig: Setting CVar [[r.DOF.Scatter.ForegroundCompositing:1    ; additive foreground scattering]]
[2021.12.20-15.42.13:489][  0]LogConfig: Setting CVar [[r.DOF.Scatter.BackgroundCompositing:2    ; additive background scattering]]
[2021.12.20-15.42.13:489][  0]LogConfig: Setting CVar [[r.DOF.Scatter.EnableBokehSettings:1      ; bokeh simulation when scattering]]
[2021.12.20-15.42.13:489][  0]LogConfig: Setting CVar [[r.DOF.Scatter.MaxSpriteRatio:0.1         ; only a maximum of 10% of scattered bokeh]]
[2021.12.20-15.42.13:489][  0]LogConfig: Setting CVar [[r.DOF.Recombine.Quality:1                ; cheap slight out of focus]]
[2021.12.20-15.42.13:489][  0]LogConfig: Setting CVar [[r.DOF.Recombine.EnableBokehSettings:0    ; no bokeh simulation on slight out of focus]]
[2021.12.20-15.42.13:489][  0]LogConfig: Setting CVar [[r.DOF.TemporalAAQuality:1                ; more stable temporal accumulation]]
[2021.12.20-15.42.13:489][  0]LogConfig: Setting CVar [[r.DOF.Kernel.MaxForegroundRadius:0.025]]
[2021.12.20-15.42.13:489][  0]LogConfig: Setting CVar [[r.DOF.Kernel.MaxBackgroundRadius:0.025]]
[2021.12.20-15.42.13:489][  0]LogConfig: Applying CVar settings from Section [TextureQuality@3] File [D:/jesus/Projects/SnakeGames/SnakeGames/Saved/Config/Windows/Scalability.ini]
[2021.12.20-15.42.13:489][  0]LogConfig: Setting CVar [[r.Streaming.MipBias:0]]
[2021.12.20-15.42.13:489][  0]LogConfig: Setting CVar [[r.Streaming.AmortizeCPUToGPUCopy:0]]
[2021.12.20-15.42.13:489][  0]LogConfig: Setting CVar [[r.Streaming.MaxNumTexturesToStreamPerFrame:0]]
[2021.12.20-15.42.13:489][  0]LogConfig: Setting CVar [[r.Streaming.Boost:1]]
[2021.12.20-15.42.13:489][  0]LogConfig: Setting CVar [[r.MaxAnisotropy:8]]
[2021.12.20-15.42.13:489][  0]LogConfig: Setting CVar [[r.VT.MaxAnisotropy:8]]
[2021.12.20-15.42.13:489][  0]LogConfig: Setting CVar [[r.Streaming.LimitPoolSizeToVRAM:0]]
[2021.12.20-15.42.13:489][  0]LogConfig: Setting CVar [[r.Streaming.PoolSize:1000]]
[2021.12.20-15.42.13:489][  0]LogConfig: Setting CVar [[r.Streaming.MaxEffectiveScreenSize:0]]
[2021.12.20-15.42.13:489][  0]LogConfig: Applying CVar settings from Section [EffectsQuality@3] File [D:/jesus/Projects/SnakeGames/SnakeGames/Saved/Config/Windows/Scalability.ini]
[2021.12.20-15.42.13:489][  0]LogConfig: Setting CVar [[r.TranslucencyLightingVolumeDim:64]]
[2021.12.20-15.42.13:489][  0]LogConfig: Setting CVar [[r.RefractionQuality:2]]
[2021.12.20-15.42.13:490][  0]LogConfig: Setting CVar [[r.SSR.Quality:3]]
[2021.12.20-15.42.13:490][  0]LogConfig: Setting CVar [[r.SSR.HalfResSceneColor:0]]
[2021.12.20-15.42.13:490][  0]LogConfig: Setting CVar [[r.SceneColorFormat:4]]
[2021.12.20-15.42.13:490][  0]LogConfig: Setting CVar [[r.DetailMode:2]]
[2021.12.20-15.42.13:490][  0]LogConfig: Setting CVar [[r.TranslucencyVolumeBlur:1]]
[2021.12.20-15.42.13:490][  0]LogConfig: Setting CVar [[r.MaterialQualityLevel:1 ; High quality]]
[2021.12.20-15.42.13:490][  0]LogConfig: Setting CVar [[r.AnisotropicMaterials:1]]
[2021.12.20-15.42.13:490][  0]LogConfig: Setting CVar [[r.SSS.Scale:1]]
[2021.12.20-15.42.13:490][  0]LogConfig: Setting CVar [[r.SSS.SampleSet:2]]
[2021.12.20-15.42.13:490][  0]LogConfig: Setting CVar [[r.SSS.Quality:1]]
[2021.12.20-15.42.13:490][  0]LogConfig: Setting CVar [[r.SSS.HalfRes:0]]
[2021.12.20-15.42.13:490][  0]LogConfig: Setting CVar [[r.SSGI.Quality:3]]
[2021.12.20-15.42.13:490][  0]LogConfig: Setting CVar [[r.EmitterSpawnRateScale:1.0]]
[2021.12.20-15.42.13:490][  0]LogConfig: Setting CVar [[r.ParticleLightQuality:2]]
[2021.12.20-15.42.13:490][  0]LogConfig: Setting CVar [[r.SkyAtmosphere.AerialPerspectiveLUT.FastApplyOnOpaque:1 ; Always have FastSkyLUT 1 in this case to avoid wrong sky]]
[2021.12.20-15.42.13:490][  0]LogConfig: Setting CVar [[r.SkyAtmosphere.AerialPerspectiveLUT.SampleCountMaxPerSlice:4]]
[2021.12.20-15.42.13:490][  0]LogConfig: Setting CVar [[r.SkyAtmosphere.AerialPerspectiveLUT.DepthResolution:16.0]]
[2021.12.20-15.42.13:490][  0]LogConfig: Setting CVar [[r.SkyAtmosphere.FastSkyLUT:1]]
[2021.12.20-15.42.13:490][  0]LogConfig: Setting CVar [[r.SkyAtmosphere.FastSkyLUT.SampleCountMin:4.0]]
[2021.12.20-15.42.13:490][  0]LogConfig: Setting CVar [[r.SkyAtmosphere.FastSkyLUT.SampleCountMax:128.0]]
[2021.12.20-15.42.13:490][  0]LogConfig: Setting CVar [[r.SkyAtmosphere.SampleCountMin:4.0]]
[2021.12.20-15.42.13:490][  0]LogConfig: Setting CVar [[r.SkyAtmosphere.SampleCountMax:128.0]]
[2021.12.20-15.42.13:490][  0]LogConfig: Setting CVar [[r.SkyAtmosphere.TransmittanceLUT.UseSmallFormat:0]]
[2021.12.20-15.42.13:490][  0]LogConfig: Setting CVar [[r.SkyAtmosphere.TransmittanceLUT.SampleCount:10.0]]
[2021.12.20-15.42.13:490][  0]LogConfig: Setting CVar [[r.SkyAtmosphere.MultiScatteringLUT.SampleCount:15.0]]
[2021.12.20-15.42.13:490][  0]LogConfig: Setting CVar [[r.SkyLight.RealTimeReflectionCapture:1]]
[2021.12.20-15.42.13:490][  0]LogConfig: Applying CVar settings from Section [FoliageQuality@3] File [D:/jesus/Projects/SnakeGames/SnakeGames/Saved/Config/Windows/Scalability.ini]
[2021.12.20-15.42.13:490][  0]LogConfig: Setting CVar [[foliage.DensityScale:1.0]]
[2021.12.20-15.42.13:490][  0]LogConfig: Setting CVar [[grass.DensityScale:1.0]]
[2021.12.20-15.42.13:490][  0]LogConfig: Applying CVar settings from Section [ShadingQuality@3] File [D:/jesus/Projects/SnakeGames/SnakeGames/Saved/Config/Windows/Scalability.ini]
[2021.12.20-15.42.13:490][  0]LogConfig: Setting CVar [[r.HairStrands.SkyLighting.IntegrationType:2]]
[2021.12.20-15.42.13:490][  0]LogConfig: Setting CVar [[r.HairStrands.SkyAO.SampleCount:4]]
[2021.12.20-15.42.13:490][  0]LogConfig: Setting CVar [[r.HairStrands.Visibility.MSAA.SamplePerPixel:4]]
[2021.12.20-15.42.13:490][  0]LogConfig: Applying CVar settings from Section [Startup] File [../../../Engine/Config/ConsoleVariables.ini]
[2021.12.20-15.42.13:490][  0]LogConfig: Setting CVar [[net.UseAdaptiveNetUpdateFrequency:0]]
[2021.12.20-15.42.13:490][  0]LogConfig: Setting CVar [[p.chaos.AllowCreatePhysxBodies:1]]
[2021.12.20-15.42.13:490][  0]LogConfig: Setting CVar [[fx.SkipVectorVMBackendOptimizations:1]]
[2021.12.20-15.42.13:490][  0]LogConfig: Applying CVar settings from Section [ConsoleVariables] File [D:/jesus/Projects/SnakeGames/SnakeGames/Saved/Config/Windows/Engine.ini]
[2021.12.20-15.42.13:490][  0]LogConfig: Applying CVar settings from Section [ConsoleVariables] File [D:/jesus/Projects/SnakeGames/SnakeGames/Saved/Config/Windows/Editor.ini]
[2021.12.20-15.42.13:491][  0]LogInit: Computer: DESKTOP-2GRTP2L
[2021.12.20-15.42.13:491][  0]LogInit: User: jesus
[2021.12.20-15.42.13:491][  0]LogInit: CPU Page size=4096, Cores=4
[2021.12.20-15.42.13:491][  0]LogInit: High frequency timer resolution =10.000000 MHz
[2021.12.20-15.42.13:491][  0]LogMemory: Memory total: Physical=11.9GB (12GB approx)
[2021.12.20-15.42.13:491][  0]LogMemory: Platform Memory Stats for Windows
[2021.12.20-15.42.13:491][  0]LogMemory: Process Physical Memory: 140.52 MB used, 140.52 MB peak
[2021.12.20-15.42.13:491][  0]LogMemory: Process Virtual Memory: 126.29 MB used, 126.29 MB peak
[2021.12.20-15.42.13:491][  0]LogMemory: Physical Memory: 6965.61 MB used,  5206.35 MB free, 12171.96 MB total
[2021.12.20-15.42.13:491][  0]LogMemory: Virtual Memory: 134211944.00 MB used,  5784.19 MB free, 134217728.00 MB total
[2021.12.20-15.42.13:496][  0]LogWindows: WindowsPlatformFeatures enabled
[2021.12.20-15.42.13:553][  0]LogInit: Physics initialised using underlying interface: PhysX
[2021.12.20-15.42.13:554][  0]LogInit: Overriding language with editor language configuration option (en).
[2021.12.20-15.42.13:554][  0]LogInit: Using OS detected locale (es-CL).
[2021.12.20-15.42.13:807][  0]LogInit: Setting process to per monitor DPI aware
[2021.12.20-15.42.13:824][  0]LogWindowsTextInputMethodSystem: Display: IME system deactivated.
[2021.12.20-15.42.13:840][  0]LogSlate: New Slate User Created.  User Index 0, Is Virtual User: 0
[2021.12.20-15.42.13:840][  0]LogSlate: Slate User Registered.  User Index 0, Is Virtual User: 0
[2021.12.20-15.42.14:104][  0]LogD3D11RHI: Loaded GFSDK_Aftermath_Lib.x64.dll
[2021.12.20-15.42.14:154][  0]LogHMD: Failed to initialize OpenVR with code 110
[2021.12.20-15.42.14:154][  0]LogD3D11RHI: D3D11 min allowed feature level: 11_0
[2021.12.20-15.42.14:154][  0]LogD3D11RHI: D3D11 max allowed feature level: 11_0
[2021.12.20-15.42.14:154][  0]LogD3D11RHI: D3D11 adapters:
[2021.12.20-15.42.14:291][  0]LogD3D11RHI:    0. 'NVIDIA GeForce GTX 1050' (Feature Level 11_0)
[2021.12.20-15.42.14:292][  0]LogD3D11RHI:       4021/0/6085 MB DedicatedVideo/DedicatedSystem/SharedSystem, Outputs:2, VendorId:0x10de
[2021.12.20-15.42.14:322][  0]LogD3D11RHI:    1. 'Intel(R) HD Graphics 630' (Feature Level 11_0)
[2021.12.20-15.42.14:322][  0]LogD3D11RHI:       128/0/6085 MB DedicatedVideo/DedicatedSystem/SharedSystem, Outputs:0, VendorId:0x8086
[2021.12.20-15.42.14:325][  0]LogD3D11RHI:    2. 'Microsoft Basic Render Driver' (Feature Level 11_0)
[2021.12.20-15.42.14:325][  0]LogD3D11RHI:       0/0/6085 MB DedicatedVideo/DedicatedSystem/SharedSystem, Outputs:0, VendorId:0x1414
[2021.12.20-15.42.14:358][  0]LogD3D11RHI:    3. 'Intel(R) HD Graphics 630' (Feature Level 11_0)
[2021.12.20-15.42.14:358][  0]LogD3D11RHI:       128/0/6085 MB DedicatedVideo/DedicatedSystem/SharedSystem, Outputs:0, VendorId:0x8086
[2021.12.20-15.42.14:358][  0]LogD3D11RHI: Chosen D3D11 Adapter:
[2021.12.20-15.42.14:358][  0]LogD3D11RHI:     Description : NVIDIA GeForce GTX 1050
[2021.12.20-15.42.14:358][  0]LogD3D11RHI:     VendorId    : 10de
[2021.12.20-15.42.14:358][  0]LogD3D11RHI:     DeviceId    : 1c8d
[2021.12.20-15.42.14:358][  0]LogD3D11RHI:     SubSysId    : 1b901043
[2021.12.20-15.42.14:358][  0]LogD3D11RHI:     Revision    : 00a1
[2021.12.20-15.42.14:358][  0]LogD3D11RHI:     DedicatedVideoMemory : 4216324096 bytes
[2021.12.20-15.42.14:359][  0]LogD3D11RHI:     DedicatedSystemMemory : 0 bytes
[2021.12.20-15.42.14:359][  0]LogD3D11RHI:     SharedSystemMemory : 6381613056 bytes
[2021.12.20-15.42.14:359][  0]LogD3D11RHI:     AdapterLuid : 0 57632
[2021.12.20-15.42.14:365][  0]LogD3D11RHI: Creating new Direct3DDevice
[2021.12.20-15.42.14:365][  0]LogD3D11RHI:     GPU DeviceId: 0x1c8d (for the marketing name, search the web for "GPU Device Id")
[2021.12.20-15.42.14:365][  0]LogWindows: EnumDisplayDevices:
[2021.12.20-15.42.14:365][  0]LogWindows:    0. 'Intel(R) HD Graphics 630' (P:1 D:1)
[2021.12.20-15.42.14:366][  0]LogWindows:    1. 'Intel(R) HD Graphics 630' (P:0 D:0)
[2021.12.20-15.42.14:366][  0]LogWindows:    2. 'Intel(R) HD Graphics 630' (P:0 D:0)
[2021.12.20-15.42.14:366][  0]LogWindows:    3. 'spacedesk Graphics Adapter' (P:0 D:1)
[2021.12.20-15.42.14:367][  0]LogWindows:    4. 'spacedesk Graphics Adapter' (P:0 D:0)
[2021.12.20-15.42.14:367][  0]LogWindows:    5. 'spacedesk Graphics Adapter' (P:0 D:0)
[2021.12.20-15.42.14:367][  0]LogWindows:    6. 'spacedesk Graphics Adapter' (P:0 D:0)
[2021.12.20-15.42.14:367][  0]LogWindows:    7. 'spacedesk Graphics Adapter' (P:0 D:0)
[2021.12.20-15.42.14:368][  0]LogWindows:    8. 'spacedesk Graphics Adapter' (P:0 D:0)
[2021.12.20-15.42.14:368][  0]LogWindows:    9. 'spacedesk Graphics Adapter' (P:0 D:0)
[2021.12.20-15.42.14:368][  0]LogWindows:    10. 'spacedesk Graphics Adapter' (P:0 D:0)
[2021.12.20-15.42.14:368][  0]LogWindows:    11. 'spacedesk Graphics Adapter' (P:0 D:0)
[2021.12.20-15.42.14:369][  0]LogWindows:    12. 'spacedesk Graphics Adapter' (P:0 D:0)
[2021.12.20-15.42.14:369][  0]LogWindows:    13. 'spacedesk Graphics Adapter' (P:0 D:0)
[2021.12.20-15.42.14:369][  0]LogWindows:    14. 'spacedesk Graphics Adapter' (P:0 D:0)
[2021.12.20-15.42.14:369][  0]LogWindows:    15. 'spacedesk Graphics Adapter' (P:0 D:0)
[2021.12.20-15.42.14:370][  0]LogWindows:    16. 'spacedesk Graphics Adapter' (P:0 D:0)
[2021.12.20-15.42.14:370][  0]LogWindows:    17. 'spacedesk Graphics Adapter' (P:0 D:0)
[2021.12.20-15.42.14:370][  0]LogWindows:    18. 'spacedesk Graphics Adapter' (P:0 D:0)
[2021.12.20-15.42.14:370][  0]LogWindows: DebugString: PrimaryIsNotTheChoosenAdapter PrimaryIsNotTheChoosenAdapter PrimaryIsNotTheChoosenAdapter GetVideoDriverDetailsInvalid PrimaryIsNotTheChoosenAdapter GetVideoDriverDetailsInvalid PrimaryIsNotTheChoosenAdapter GetVideoDriverDetailsInvalid PrimaryIsNotTheChoosenAdapter GetVideoDriverDetailsInvalid PrimaryIsNotTheChoosenAdapter GetVideoDriverDetailsInvalid PrimaryIsNotTheChoosenAdapter GetVideoDriverDetailsInvalid PrimaryIsNotTheChoosenAdapter GetVideoDriverDetailsInvalid PrimaryIsNotTheChoosenAdapter GetVideoDriverDetailsInvalid PrimaryIsNotTheChoosenAdapter GetVideoDriverDetailsInvalid PrimaryIsNotTheChoosenAdapter GetVideoDriverDetailsInvalid PrimaryIsNotTheChoosenAdapter GetVideoDriverDetailsInvalid PrimaryIsNotTheChoosenAdapter GetVideoDriverDetailsInvalid PrimaryIsNotTheChoosenAdapter GetVideoDriverDetailsInvalid PrimaryIsNotTheChoosenAdapter GetVideoDriverDetailsInvalid PrimaryIsNotTheChoosenAdapter GetVideoDriverDetailsInvalid PrimaryIsNotTheChoosenAdapter GetVideoDriverDetailsInvalid PrimaryIsNotTheChoosenAdapter FoundDriverCount:0 
[2021.12.20-15.42.14:370][  0]LogD3D11RHI:     Adapter Name: NVIDIA GeForce GTX 1050
[2021.12.20-15.42.14:370][  0]LogD3D11RHI:   Driver Version: Unknown (internal:Unknown, unified:Unknown)
[2021.12.20-15.42.14:370][  0]LogD3D11RHI:      Driver Date: Unknown
[2021.12.20-15.42.14:370][  0]LogRHI: Texture pool is 2814 MB (70% of 4021 MB)
[2021.12.20-15.42.14:370][  0]LogD3D11RHI: Creating D3DDevice using adapter:
[2021.12.20-15.42.14:370][  0]LogD3D11RHI:     Description : NVIDIA GeForce GTX 1050
[2021.12.20-15.42.14:370][  0]LogD3D11RHI:     VendorId    : 10de
[2021.12.20-15.42.14:370][  0]LogD3D11RHI:     DeviceId    : 1c8d
[2021.12.20-15.42.14:370][  0]LogD3D11RHI:     SubSysId    : 1b901043
[2021.12.20-15.42.14:370][  0]LogD3D11RHI:     Revision    : 00a1
[2021.12.20-15.42.14:371][  0]LogD3D11RHI:     DedicatedVideoMemory : 4216324096 bytes
[2021.12.20-15.42.14:371][  0]LogD3D11RHI:     DedicatedSystemMemory : 0 bytes
[2021.12.20-15.42.14:371][  0]LogD3D11RHI:     SharedSystemMemory : 6381613056 bytes
[2021.12.20-15.42.14:371][  0]LogD3D11RHI:     AdapterLuid : 0 57632
[2021.12.20-15.42.14:469][  0]LogD3D11RHI: RHI has support for 64 bit atomics
[2021.12.20-15.42.14:469][  0]LogD3D11RHI: Async texture creation enabled
[2021.12.20-15.42.14:469][  0]LogD3D11RHI: Array index from any shader is supported
[2021.12.20-15.42.14:515][  0]LogD3D11RHI: GPU Timing Frequency: 1000.000000 (Debug: 2 1)
[2021.12.20-15.42.14:563][  0]LogRHI: GeForceNow SDK initialized: 1
[2021.12.20-15.42.14:938][  0]LogTargetPlatformManager: Display: Loaded TargetPlatform 'AllDesktop'
[2021.12.20-15.42.14:963][  0]LogTargetPlatformManager: Display: Loaded TargetPlatform 'Android'
[2021.12.20-15.42.14:963][  0]LogTargetPlatformManager: Display: Loaded TargetPlatform 'Android_ASTC'
[2021.12.20-15.42.14:963][  0]LogTargetPlatformManager: Display: Loaded TargetPlatform 'Android_DXT'
[2021.12.20-15.42.14:963][  0]LogTargetPlatformManager: Display: Loaded TargetPlatform 'Android_ETC2'
[2021.12.20-15.42.14:963][  0]LogTargetPlatformManager: Display: Loaded TargetPlatform 'AndroidClient'
[2021.12.20-15.42.14:963][  0]LogTargetPlatformManager: Display: Loaded TargetPlatform 'Android_ASTCClient'
[2021.12.20-15.42.14:963][  0]LogTargetPlatformManager: Display: Loaded TargetPlatform 'Android_DXTClient'
[2021.12.20-15.42.14:963][  0]LogTargetPlatformManager: Display: Loaded TargetPlatform 'Android_ETC2Client'
[2021.12.20-15.42.14:963][  0]LogTargetPlatformManager: Display: Loaded TargetPlatform 'Android_Multi'
[2021.12.20-15.42.14:963][  0]LogTargetPlatformManager: Display: Loaded TargetPlatform 'Android_MultiClient'
[2021.12.20-15.42.14:983][  0]LogTargetPlatformManager: Display: Loaded TargetPlatform 'IOSClient'
[2021.12.20-15.42.14:983][  0]LogTargetPlatformManager: Display: Loaded TargetPlatform 'IOS'
[2021.12.20-15.42.14:994][  0]LogTargetPlatformManager: Display: Loaded TargetPlatform 'Linux'
[2021.12.20-15.42.14:998][  0]LogTargetPlatformManager: Display: Loaded TargetPlatform 'LinuxNoEditor'
[2021.12.20-15.42.15:003][  0]LogTargetPlatformManager: Display: Loaded TargetPlatform 'LinuxClient'
[2021.12.20-15.42.15:008][  0]LogTargetPlatformManager: Display: Loaded TargetPlatform 'LinuxServer'
[2021.12.20-15.42.15:018][  0]LogTargetPlatformManager: Display: Loaded TargetPlatform 'LinuxAArch64NoEditor'
[2021.12.20-15.42.15:023][  0]LogTargetPlatformManager: Display: Loaded TargetPlatform 'LinuxAArch64Client'
[2021.12.20-15.42.15:028][  0]LogTargetPlatformManager: Display: Loaded TargetPlatform 'LinuxAArch64Server'
[2021.12.20-15.42.15:053][  0]LogTargetPlatformManager: Display: Loaded TargetPlatform 'Lumin'
[2021.12.20-15.42.15:053][  0]LogTargetPlatformManager: Display: Loaded TargetPlatform 'LuminClient'
[2021.12.20-15.42.15:062][  0]LogTargetPlatformManager: Display: Loaded TargetPlatform 'MacNoEditor'
[2021.12.20-15.42.15:067][  0]LogTargetPlatformManager: Display: Loaded TargetPlatform 'Mac'
[2021.12.20-15.42.15:072][  0]LogTargetPlatformManager: Display: Loaded TargetPlatform 'MacClient'
[2021.12.20-15.42.15:078][  0]LogTargetPlatformManager: Display: Loaded TargetPlatform 'MacServer'
[2021.12.20-15.42.15:089][  0]LogTargetPlatformManager: Display: Loaded TargetPlatform 'TVOSClient'
[2021.12.20-15.42.15:089][  0]LogTargetPlatformManager: Display: Loaded TargetPlatform 'TVOS'
[2021.12.20-15.42.15:099][  0]LogTargetPlatformManager: Display: Loaded TargetPlatform 'WindowsNoEditor'
[2021.12.20-15.42.15:104][  0]LogTargetPlatformManager: Display: Loaded TargetPlatform 'Windows'
[2021.12.20-15.42.15:109][  0]LogTargetPlatformManager: Display: Loaded TargetPlatform 'WindowsClient'
[2021.12.20-15.42.15:114][  0]LogTargetPlatformManager: Display: Loaded TargetPlatform 'WindowsServer'
[2021.12.20-15.42.15:114][  0]LogTargetPlatformManager: Display: Building Assets For Windows
[2021.12.20-15.42.15:122][  0]LogAudioDebug: Display: Lib vorbis DLL was dynamically loaded.
[2021.12.20-15.42.15:159][  0]LogTextureFormatOodle: Display: Oodle Texture 2.9.0 init RDO Off
[2021.12.20-15.42.15:203][  0]LogRendererCore: Ray tracing is disabled. Reason: r.RayTracing=0.
[2021.12.20-15.42.15:204][  0]LogShaderCompilers: Guid format shader working directory is -5 characters bigger than the processId version (../../../../../jesus/Projects/SnakeGames/SnakeGames/Intermediate/Shaders/WorkingDirectory/2676/).
[2021.12.20-15.42.15:204][  0]LogShaderCompilers: Cleaned the shader compiler working directory 'C:/Users/jesus/AppData/Local/Temp/UnrealShaderWorkingDir/B6CEB4A943F72B4055AD36B42518E717/'.
[2021.12.20-15.42.15:204][  0]LogXGEController: Cannot use XGE Controller as Incredibuild is not installed on this machine.
[2021.12.20-15.42.15:204][  0]LogShaderCompilers: Cannot use XGE Shader Compiler as Incredibuild is not installed on this machine.
[2021.12.20-15.42.15:204][  0]LogShaderCompilers: Display: Using Local Shader Compiler.
[2021.12.20-15.42.16:072][  0]LogDerivedDataCache: Display: Max Cache Size: 512 MB
[2021.12.20-15.42.16:147][  0]LogDerivedDataCache: Loaded boot cache 0.07s 103MB C:/Users/jesus/AppData/Local/UnrealEngine/4.27/DerivedDataCache/Boot.ddc.
[2021.12.20-15.42.16:147][  0]LogDerivedDataCache: Display: Loaded Boot cache: C:/Users/jesus/AppData/Local/UnrealEngine/4.27/DerivedDataCache/Boot.ddc
[2021.12.20-15.42.16:147][  0]LogDerivedDataCache: FDerivedDataBackendGraph:  Pak pak cache file ../../../../../jesus/Projects/SnakeGames/SnakeGames/DerivedDataCache/DDC.ddp not found, will not use a pak cache.
[2021.12.20-15.42.16:147][  0]LogDerivedDataCache: Unable to find inner node Pak for hierarchical cache Hierarchy.
[2021.12.20-15.42.16:147][  0]LogDerivedDataCache: FDerivedDataBackendGraph:  CompressedPak pak cache file ../../../../../jesus/Projects/SnakeGames/SnakeGames/DerivedDataCache/Compressed.ddp not found, will not use a pak cache.
[2021.12.20-15.42.16:147][  0]LogDerivedDataCache: Unable to find inner node CompressedPak for hierarchical cache Hierarchy.
[2021.12.20-15.42.16:166][  0]LogDerivedDataCache: Display: Pak cache opened for reading ../../../Engine/DerivedDataCache/Compressed.ddp.
[2021.12.20-15.42.16:166][  0]LogDerivedDataCache: FDerivedDataBackendGraph:  EnterprisePak pak cache file ../../../Enterprise/DerivedDataCache/Compressed.ddp not found, will not use a pak cache.
[2021.12.20-15.42.16:166][  0]LogDerivedDataCache: Unable to find inner node EnterprisePak for hierarchical cache Hierarchy.
[2021.12.20-15.42.16:174][  0]LogDerivedDataCache: Speed tests for C:/Users/jesus/AppData/Local/UnrealEngine/Common/DerivedDataCache took 0.01 seconds
[2021.12.20-15.42.16:174][  0]LogDerivedDataCache: Display: Performance to C:/Users/jesus/AppData/Local/UnrealEngine/Common/DerivedDataCache: Latency=0.03ms. RandomReadSpeed=1304.64MBs, RandomWriteSpeed=141.62MBs. Assigned SpeedClass 'Local'
[2021.12.20-15.42.16:175][  0]LogDerivedDataCache: Using Local data cache path C:/Users/jesus/AppData/Local/UnrealEngine/Common/DerivedDataCache: Writable
[2021.12.20-15.42.16:175][  0]LogDerivedDataCache: Shared data cache path not found in *engine.ini, will not use an Shared cache.
[2021.12.20-15.42.16:175][  0]LogDerivedDataCache: Unable to find inner node Shared for hierarchical cache Hierarchy.
[2021.12.20-15.42.16:234][  0]LogSlate: Using FreeType 2.10.0
[2021.12.20-15.42.16:234][  0]LogSlate: SlateFontServices - WITH_FREETYPE: 1, WITH_HARFBUZZ: 1
[2021.12.20-15.42.16:265][  0]LogAssetRegistry: FAssetRegistry took 0.0028 seconds to start up
[2021.12.20-15.42.16:526][  0]LogInit: Selected Device Profile: [Windows]
[2021.12.20-15.42.16:526][  0]LogInit: Active device profile: [0000019DE8AD2E00][0000019DE339CCC0 49] Windows
[2021.12.20-15.42.16:526][  0]LogInit: Profiles: [0000019DE8AD2E00][0000019DE339CCC0 49] Windows, [0000019DE8A79A00][0000019DE1556E40 49] WindowsNoEditor, [0000019DE8AD2100][0000019DE1672FC0 49] WindowsServer, [0000019DE8A7A600][0000019DE169D140 49] WindowsClient, [0000019DE8AD3600][0000019DE16A52C0 49] IOS, [0000019DE8A78B00][0000019DE16A9440 49] iPadAir, [0000019DE8AD0200][0000019DE16AD5C0 49] iPadAir2, [0000019DE89F8F00][0000019DE16B5880 49] IPadPro, [0000019DE89F9000][0000019DE16B18C0 49] iPadAir3, [0000019DE8A7B500][0000019DE16B9A40 49] iPadAir4, [0000019DE89F9C00][0000019DE16BDBC0 49] iPadMini2, [0000019DE8A79900][0000019DE16C01C0 49] iPadMini3, [0000019DE89FB700][0000019DE16C4340 49] iPadMini4, [0000019DE8A7B000][0000019DE16C84C0 49] iPadMini5, [0000019DE8A10700][0000019DE1552740 49] iPhone6, [0000019DE8A10800][0000019DE16CC780 49] iPodTouch6, [0000019DE8AD1700][0000019DE7CE69C0 49] iPhone7, [0000019DE8AD3700][0000019DE16D0A00 49] iPodTouch7, [0000019DE8A10100][0000019DE7CEAB40 49] iPhone5S, [0000019DE89F8400][0000019DE7CF2CC0 49] iPhone6Plus, [0000019DE8A13900][0000019DE7CF6E40 49] iPhone6S, [0000019DE89F9300][0000019DE7CFAFC0 49] iPhone6SPlus, [0000019DE8A12200][0000019DE7CFF140 49] iPhone7Plus, [0000019DE89F8500][0000019DE7D032C0 49] iPhoneSE, [0000019DE8A13600][0000019DE7D07440 49] iPhone8, [0000019DE89FAB00][0000019DE7D0B5C0 49] iPhone8Plus, [0000019DE8AD2A00][0000019DE7D0F740 49] iPhoneX, [0000019DE89F9A00][0000019DE7D138C0 49] iPhoneXS, [0000019DE8AD3C00][0000019DE7D17A40 49] iPhoneXSMax, [0000019DE89FB900][0000019DE7D1BBC0 49] iPhoneXR, [0000019DE8AD0900][0000019DE7D1E1C0 49] iPhone11, [0000019DE89FBA00][0000019DE7D22340 49] iPhone11Pro, [0000019DE8AD2200][0000019DE7D264C0 49] iPhone11ProMax, [0000019DE89FBD00][0000019DE7D2A640 49] iPhoneSE2, [0000019DE8AD3D00][0000019DE7D2E7C0 49] iPhone12Mini, [0000019DE89F8E00][0000019DE7D32940 49] iPhone12, [0000019DE8AD3300][0000019DE7CEEA80 49] iPhone12Pro, [0000019DE89F8200][0000019DE7D36BC0 49] iPhone12ProMax, [0000019DE8AD2B00][0000019DE7D3AD00 49] iPadPro105, [0000019DE89FA000][0000019DE7D42E80 49] iPadPro129, [0000019DE8AD1D00][0000019DE7D47000 49] iPadPro97, [0000019DE89F9E00][0000019DE7D4B180 49] iPadPro2_129, [0000019DE8AD1F00][0000019DE7D4F300 49] iPad5, [0000019DE89F9100][0000019DE7D53480 49] iPad6, [0000019DE8AD0400][0000019DE7D57600 49] iPad7, [0000019DE89F9900][0000019DE7D5B780 49] iPad8, [0000019DE8AD1900][0000019DE7D5F900 49] iPadPro11, [0000019DE89FB200][0000019DE7D63A80 49] iPadPro2_11, [0000019DE8AD0500][0000019DE7D67C00 49] iPadPro3_129, [0000019DE89FBE00][0000019DE7D6A200 49] iPadPro4_129, [0000019DE8AD2700][0000019DE7D6E380 49] AppleTV, [0000019DE89FA800][0000019DE7D72500 49] AppleTV4K, [0000019DE8AD0E00][0000019DE7D76680 49] TVOS, [0000019DE89FAE00][0000019DE7D7A800 49] Mac, [0000019DE8AD2000][0000019DE8D90980 49] MacClient, [0000019DE89F8800][0000019DE8D94B00 49] MacNoEditor, [0000019DE8AD1100][0000019DE7D3EC40 49] MacServer, [0000019DE89F9700][0000019DE8D98D80 49] Linux, [0000019DE8AD3800][0000019DE8D9CEC0 49] LinuxAArch64, [0000019DE89FAF00][0000019DE8DA5040 49] LinuxNoEditor, [0000019DE8AD2300][0000019DE8DA91C0 49] LinuxAArch64NoEditor, [0000019DE89FA700][0000019DE8DAD340 49] LinuxClient, [0000019DE8AD3400][0000019DE8DB14C0 49] LinuxAArch64Client, [0000019DE89FB400][0000019DE8DB5640 49] LinuxServer, [0000019DE8AD1A00][0000019DE8DB97C0 49] LinuxAArch64Server, [0000019DE89F8900][0000019DE8DBD940 49] Android, [0000019DE8AD1B00][0000019DE8DC1AC0 49] Android_Low, [0000019DE89FB300][0000019DE8DC40C0 49] Android_Mid, [0000019DE8AD1C00][0000019DE8DC8240 49] Android_High, [0000019DE89FB100][0000019DE8DCC3C0 49] Android_Default, [0000019DE8AD0D00][0000019DE8DD0540 49] Android_Adreno4xx, [0000019DE89F9B00][0000019DE8DD46C0 49] Android_Adreno5xx_Low, [0000019DE8A78F00][0000019DE8DD8840 49] Android_Adreno5xx, [0000019DE8A11D00][0000019DE8DDC9C0 49] Android_Adreno6xx, [0000019DE8A7B400][0000019DE8DE0B40 49] Android_Adreno6xx_Vulkan, [0000019DE8A11200][0000019DE8DE4CC0 49] Android_Mali_T6xx, [0000019DE8A79E00][0000019DE8DA0E00 49] Android_Mali_T7xx, [0000019DE8A11500][0000019DE8DE8F40 49] Android_Mali_T8xx, [0000019DE8A78D00][0000019DE8DED080 49] Android_Mali_G71, [0000019DE8A12600][0000019DE8DF11C0 49] Android_Mali_G72, [0000019DE8A79400][0000019DE8DF9340 49] Android_Mali_G72_Vulkan, [0000019DE8A12C00][0000019DE8DFD4C0 49] Android_Mali_G76, [0000019DE8A7B200][0000019DE8E01640 49] Android_Mali_G76_Vulkan, [0000019DE8A10D00][0000019DE8E057C0 49] Android_Mali_G77, [0000019DE8A7AB00][0000019DE8E09940 49] Android_Mali_G77_Vulkan, [0000019DE8A11C00][0000019DE8E0DAC0 49] Android_Mali_G78, [0000019DE8A7AD00][0000019DE8E100C0 49] Android_Mali_G78_Vulkan, [0000019DE8A13400][0000019DE8E14240 49] Android_Mali_G710, [0000019DE8A7BD00][0000019DE8E183C0 49] Android_Mali_G710_Vulkan, [0000019DE8A13800][0000019DE8E1C540 49] Android_Vulkan_SM5, [0000019DE8A7A500][0000019DE8E206C0 49] Android_PowerVR_G6xxx, [0000019DE8A13100][0000019DE8E24840 49] Android_PowerVR_GT7xxx, [0000019DE8A7BE00][0000019DE8E289C0 49] Android_PowerVR_GE8xxx, [0000019DE8A11F00][0000019DE8E2CB40 49] Android_PowerVR_GM9xxx, [0000019DE8A7A400][0000019DE8E30CC0 49] Android_PowerVR_GM9xxx_Vulkan, [0000019DE8A12700][0000019DE8E34E40 49] Android_TegraK1, [0000019DE8A7B900][0000019DE8DF4F80 49] Android_Unknown_Vulkan, [0000019DE8A11800][0000019DE8E390C0 49] Lumin, [0000019DE89FA400][0000019DE8E3D200 49] Lumin_Desktop, [0000019DE8A13E00][0000019DE8E41340 49] HoloLens, 
[2021.12.20-15.42.16:743][  0]LogMeshReduction: Using QuadricMeshReduction for automatic static mesh reduction
[2021.12.20-15.42.16:743][  0]LogMeshReduction: Using SimplygonMeshReduction for automatic skeletal mesh reduction
[2021.12.20-15.42.16:743][  0]LogMeshReduction: Using ProxyLODMeshReduction for automatic mesh merging
[2021.12.20-15.42.16:743][  0]LogMeshReduction: No distributed automatic mesh merging module available
[2021.12.20-15.42.16:743][  0]LogMeshMerging: No distributed automatic mesh merging module available
[2021.12.20-15.42.16:765][  0]LogNetVersion: SnakeGames 1.0.0, NetCL: 17155196, EngineNetVer: 17, GameNetVer: 0 (Checksum: 3742081331)
[2021.12.20-15.42.17:267][  0]LogTexture: Default maximum texture size for cubemaps generated from long-lat sources has been changed from 512 to unlimited. In order to preserve old behaiour for '/Engine/MapTemplates/Sky/DaylightAmbientCubemap.DaylightAmbientCubemap', its maximum texture size has been explicitly set to 512.
[2021.12.20-15.42.17:360][  0]LogHMD: PokeAHoleMaterial loaded successfully
[2021.12.20-15.42.17:366][  0]LogUObjectArray: 17178 objects as part of root set at end of initial load.
[2021.12.20-15.42.17:366][  0]LogUObjectAllocator: 4302048 out of 0 bytes used by permanent object pool.
[2021.12.20-15.42.17:366][  0]LogUObjectArray: CloseDisregardForGC: 0/0 objects in disregard for GC pool
[2021.12.20-15.42.17:718][  0]LogPython: Using Python 3.7.7
[2021.12.20-15.42.18:381][  0]LogNiagaraDebuggerClient: Niagara Debugger Client Initialized | Session: 764B56EA4769788C014EBB9FC962E236 | Instance: 9F6A19D24A612489E282D8AE1A318545 (DESKTOP-2GRTP2L-2676).
[2021.12.20-15.42.18:560][  0]LogTcpMessaging: Initializing TcpMessaging bridge
[2021.12.20-15.42.18:706][  0]LogUdpMessaging: Initializing bridge on interface 0.0.0.0:0 to multicast group 230.0.0.1:6666.
[2021.12.20-15.42.19:138][  0]SourceControl: Source control is disabled
[2021.12.20-15.42.19:138][  0]SourceControl: Source control is disabled
[2021.12.20-15.42.19:141][  0]SourceControl: Source control is disabled
[2021.12.20-15.42.19:146][  0]SourceControl: Source control is disabled
[2021.12.20-15.42.19:163][  0]SourceControl: Source control is disabled
[2021.12.20-15.42.19:170][  0]LogUProjectInfo: Found projects:
[2021.12.20-15.42.19:191][  0]LogOpenImageDenoise: OIDN starting up
[2021.12.20-15.42.19:243][  0]LogAndroidPermission: UAndroidPermissionCallbackProxy::GetInstance
[2021.12.20-15.42.19:263][  0]LogAudioCaptureCore: Display: No Audio Capture implementations found. Audio input will be silent.
[2021.12.20-15.42.19:263][  0]LogAudioCaptureCore: Display: No Audio Capture implementations found. Audio input will be silent.
[2021.12.20-15.42.19:424][  0]LogCollectionManager: Loaded 0 collections in 0.001478 seconds
[2021.12.20-15.42.19:477][  0]LogFileCache: Scanning file cache for directory 'D:/jesus/Projects/SnakeGames/SnakeGames/Saved/Collections/' took 0.00s
[2021.12.20-15.42.19:477][  0]LogFileCache: Scanning file cache for directory 'D:/jesus/Projects/SnakeGames/SnakeGames/Content/Developers/jesus/Collections/' took 0.00s
[2021.12.20-15.42.19:477][  0]LogFileCache: Scanning file cache for directory 'D:/jesus/Projects/SnakeGames/SnakeGames/Content/Collections/' took 0.00s
[2021.12.20-15.42.19:477][  0]LogOcInput: OculusInput pre-init called
[2021.12.20-15.42.19:781][  0]LogEngine: Initializing Engine...
[2021.12.20-15.42.20:232][  0]LogHMD: Failed to enumerate extensions. Please check that you have a valid OpenXR runtime installed.
[2021.12.20-15.42.20:258][  0]LogHMD: Failed to initialize OpenVR with code 110
[2021.12.20-15.42.20:302][  0]LogMagicLeap: Warning: VR disabled because ZI is not enabled.  To enable, in the editor, Edit -> Project Settings -> Plugins -> Magic Leap Plugin -> Enable Zero Iteration
[2021.12.20-15.42.20:304][  0]LogStats: UGameplayTagsManager::InitializeManager -  0.000 s
[2021.12.20-15.42.20:472][  0]LogInit: Initializing FReadOnlyCVARCache
[2021.12.20-15.42.20:482][  0]LogAIModule: Creating AISystem for world Untitled
[2021.12.20-15.42.20:505][  0]LogAudio: Display: Initializing Audio Device Manager...
[2021.12.20-15.42.20:512][  0]LogAudio: Display: Loading Default Audio Settings Objects...
[2021.12.20-15.42.20:513][  0]LogAudio: Display: No default SoundConcurrencyObject specified (or failed to load).
[2021.12.20-15.42.20:513][  0]LogAudio: Display: Audio Device Manager Initialized
[2021.12.20-15.42.20:513][  0]LogAudio: Display: Creating Audio Device:                 Id: 1, Scope: Shared, Realtime: True
[2021.12.20-15.42.20:513][  0]LogAudioMixer: Display: Audio Mixer Platform Settings:
[2021.12.20-15.42.20:513][  0]LogAudioMixer: Display: 	Sample Rate:						  48000
[2021.12.20-15.42.20:513][  0]LogAudioMixer: Display: 	Callback Buffer Frame Size Requested: 1024
[2021.12.20-15.42.20:513][  0]LogAudioMixer: Display: 	Callback Buffer Frame Size To Use:	  1024
[2021.12.20-15.42.20:513][  0]LogAudioMixer: Display: 	Number of buffers to queue:			  2
[2021.12.20-15.42.20:514][  0]LogAudioMixer: Display: 	Max Channels (voices):				  32
[2021.12.20-15.42.20:514][  0]LogAudioMixer: Display: 	Number of Async Source Workers:		  0
[2021.12.20-15.42.20:514][  0]LogAudio: Display: AudioDevice MaxSources: 32
[2021.12.20-15.42.20:514][  0]LogAudio: Display: Audio Spatialization Plugin: None (built-in).
[2021.12.20-15.42.20:514][  0]LogAudio: Display: Audio Reverb Plugin: None (built-in).
[2021.12.20-15.42.20:514][  0]LogAudio: Display: Audio Occlusion Plugin: None (built-in).
[2021.12.20-15.42.20:514][  0]LogAudioMixer: Display: Initializing audio mixer.
[2021.12.20-15.42.20:526][  0]LogAudioMixer: Display: 0: FrontLeft
[2021.12.20-15.42.20:526][  0]LogAudioMixer: Display: 1: FrontRight
[2021.12.20-15.42.20:959][  0]LogAudioMixer: Display: Using Audio Device Altavoces (Realtek High Definition Audio)
[2021.12.20-15.42.20:959][  0]LogAudioMixer: Display: Initializing Sound Submixes...
[2021.12.20-15.42.20:962][  0]LogAudioMixer: Display: Creating Master Submix 'MasterSubmixDefault'
[2021.12.20-15.42.20:962][  0]LogAudioMixer: Display: Creating Master Submix 'MasterReverbSubmixDefault'
[2021.12.20-15.42.20:964][  0]LogAudioMixer: Display: Creating Master Submix 'MasterEQSubmixDefault'
[2021.12.20-15.42.20:964][  0]LogAudioMixer: FMixerPlatformXAudio2::StartAudioStream() called
[2021.12.20-15.42.20:964][  0]LogAudioMixer: Display: Output buffers initialized: Frames=1024, Channels=2, Samples=2048
[2021.12.20-15.42.20:965][  0]LogAudioMixer: Display: Starting AudioMixerPlatformInterface::RunInternal()
[2021.12.20-15.42.20:965][  0]LogAudioMixer: Display: FMixerPlatformXAudio2::SubmitBuffer() called for the first time
[2021.12.20-15.42.20:965][  0]LogInit: FAudioDevice initialized.
[2021.12.20-15.42.20:998][  0]LogAudio: Display: Audio Device (ID: 1) registered with world 'Untitled'.
[2021.12.20-15.42.20:998][  0]LogNetVersion: Set ProjectVersion to 1.0.0.0. Version Checksum will be recalculated on next use.
[2021.12.20-15.42.21:088][  0]LogDerivedDataCache: Saved boot cache 0.09s 103MB C:/Users/jesus/AppData/Local/UnrealEngine/4.27/DerivedDataCache/Boot.ddc.
[2021.12.20-15.42.21:090][  0]LogInit: Texture streaming: Enabled
[2021.12.20-15.42.21:103][  0]LogAnalytics: Display: [UEEditor.Rocket.Release] APIServer = https://datarouter.ol.epicgames.com/. AppVersion = 4.27.2-18319896+++UE4+Release-4.27
[2021.12.20-15.42.21:107][  0]LogEngineSessionManager: EngineSessionManager initialized
[2021.12.20-15.42.21:107][  0]LogEditorSessionSummary: Verbose: Initializing EditorSessionSummaryWriter for editor session tracking
[2021.12.20-15.42.21:159][  0]LogEditorSessionSummary: EditorSessionSummaryWriter initialized
[2021.12.20-15.42.21:176][  0]LogInit: Transaction tracking system initialized
[2021.12.20-15.42.21:199][  0]BlueprintLog: New page: Editor Load
[2021.12.20-15.42.21:514][  0]LocalizationService: Localization service is disabled
[2021.12.20-15.42.21:573][  0]TimingProfiler: Initialize
[2021.12.20-15.42.21:573][  0]TimingProfiler: OnSessionChanged
[2021.12.20-15.42.21:573][  0]LoadingProfiler: Initialize
[2021.12.20-15.42.21:573][  0]LoadingProfiler: OnSessionChanged
[2021.12.20-15.42.21:573][  0]NetworkingProfiler: Initialize
[2021.12.20-15.42.21:573][  0]NetworkingProfiler: OnSessionChanged
[2021.12.20-15.42.21:573][  0]MemoryProfiler: Initialize
[2021.12.20-15.42.21:573][  0]MemoryProfiler: OnSessionChanged
[2021.12.20-15.42.21:959][  0]LogCook: Display: CookSettings for Memory: MemoryMaxUsedVirtual 0MiB, MemoryMaxUsedPhysical 16384MiB, MemoryMinFreeVirtual 0MiB, MemoryMinFreePhysical 1024MiB
[2021.12.20-15.42.21:959][  0]LogCook: Display: Mobile HDR setting 1
[2021.12.20-15.42.22:190][  0]LogFileCache: Scanning file cache for directory 'D:/jesus/Projects/SnakeGames/SnakeGames/Content/' took 0.00s
[2021.12.20-15.42.22:437][  0]LogInit: Display: Engine is initialized. Leaving FEngineLoop::Init()
[2021.12.20-15.42.22:442][  0]SourceControl: Source control is disabled
[2021.12.20-15.42.22:442][  0]LogUnrealEdMisc: Loading editor; pre map load, took 11.182
[2021.12.20-15.42.22:442][  0]Cmd: MAP LOAD FILE="../../../Engine/Content/Maps/Templates/Template_Default.umap" TEMPLATE=1 SHOWPROGRESS=1 FEATURELEVEL=3
[2021.12.20-15.42.22:443][  0]LightingResults: New page: Lighting Build
[2021.12.20-15.42.22:446][  0]LogWorld: UWorld::CleanupWorld for Untitled, bSessionEnded=true, bCleanupResources=true
[2021.12.20-15.42.22:446][  0]LogSlate: InvalidateAllWidgets triggered.  All widgets were invalidated
[2021.12.20-15.42.22:446][  0]MapCheck: New page: Map Check
[2021.12.20-15.42.22:446][  0]LightingResults: New page: Lighting Build
[2021.12.20-15.42.23:521][  0]LogAudio: Display: Audio Device unregistered from world 'None'.
[2021.12.20-15.42.23:525][  0]LogUObjectHash: Compacting FUObjectHashTables data took   0.77ms
[2021.12.20-15.42.23:584][  0]LogTexture: Display: Building textures: DeprecatedTextureEB9CBE3C423008B5E8E130901E171C89 (BGRA8, 128X128)
[2021.12.20-15.42.23:598][  0]LogAudio: Display: Audio Device (ID: 1) registered with world 'Untitled_1'.
[2021.12.20-15.42.23:599][  0]LogAIModule: Creating AISystem for world Untitled_1
[2021.12.20-15.42.23:605][  0]LogEditorServer: Finished looking for orphan Actors (0.000 secs)
[2021.12.20-15.42.25:042][  0]LogUObjectHash: Compacting FUObjectHashTables data took   0.98ms
[2021.12.20-15.42.25:042][  0]Cmd: MAP CHECKDEP NOCLEARLOG
[2021.12.20-15.42.25:042][  0]MapCheck: Map check complete: 0 Error(s), 0 Warning(s), took 0,146ms to complete.
[2021.12.20-15.42.25:042][  0]LogFileHelpers: Loading map 'Template_Default' took 2.599
[2021.12.20-15.42.25:045][  0]LogUnrealEdMisc: Total Editor Startup Time, took 13.784
[2021.12.20-15.42.28:326][  0]LogSlate: Updating window title bar state: overlay mode, drag disabled, window buttons hidden, title bar hidden
[2021.12.20-15.42.28:374][  0]LogSlate: Updating window title bar state: overlay mode, drag disabled, window buttons hidden, title bar hidden
[2021.12.20-15.42.28:382][  0]LogSlate: Updating window title bar state: overlay mode, drag disabled, window buttons hidden, title bar hidden
[2021.12.20-15.42.28:390][  0]LogSlate: Updating window title bar state: overlay mode, drag disabled, window buttons hidden, title bar hidden
[2021.12.20-15.42.29:066][  0]LogNativeClassHierarchy: Verbose: Native class hierarchy populated in 0.0143 seconds. Added 3822 classes and 928 folders.
[2021.12.20-15.42.29:467][  0]LogNativeClassHierarchy: Verbose: Native class hierarchy updated for 'WidgetCarousel' in 0.0004 seconds. Added 0 classes and 0 folders.
[2021.12.20-15.42.29:470][  0]LogPakFile: PakFile PrimaryIndexSize=187
[2021.12.20-15.42.29:470][  0]LogPakFile: PakFile PathHashIndexSize=101
[2021.12.20-15.42.29:470][  0]LogPakFile: PakFile FullDirectoryIndexSize=148
[2021.12.20-15.42.29:470][  0]LogShaderLibrary: Display: ShaderCodeLibraryPakFileMountedCallback: PakFile 'D:/Games/UE_4.27/FeaturePacks/FP_FirstPerson.upack' (chunk index -1, root 'root:/') mounted
[2021.12.20-15.42.29:471][  0]LogShaderLibrary: Display: ShaderCodeLibraryPakFileMountedCallback: pending pak file info (ChunkID:-1 Root:root:/ File:D:/Games/UE_4.27/FeaturePacks/FP_FirstPerson.upack)
[2021.12.20-15.42.29:471][  0]LogPakFile: OnPakFileMounted2Time == 0.000150
[2021.12.20-15.42.29:472][  0]LogPakFile: PakFile PrimaryIndexSize=189
[2021.12.20-15.42.29:472][  0]LogPakFile: PakFile PathHashIndexSize=101
[2021.12.20-15.42.29:472][  0]LogPakFile: PakFile FullDirectoryIndexSize=152
[2021.12.20-15.42.29:472][  0]LogShaderLibrary: Display: ShaderCodeLibraryPakFileMountedCallback: PakFile 'D:/Games/UE_4.27/FeaturePacks/FP_FirstPersonBP.upack' (chunk index -1, root 'root:/') mounted
[2021.12.20-15.42.29:472][  0]LogShaderLibrary: Display: ShaderCodeLibraryPakFileMountedCallback: pending pak file info (ChunkID:-1 Root:root:/ File:D:/Games/UE_4.27/FeaturePacks/FP_FirstPersonBP.upack)
[2021.12.20-15.42.29:472][  0]LogPakFile: OnPakFileMounted2Time == 0.000078
[2021.12.20-15.42.29:474][  0]LogPakFile: PakFile PrimaryIndexSize=191
[2021.12.20-15.42.29:474][  0]LogPakFile: PakFile PathHashIndexSize=101
[2021.12.20-15.42.29:474][  0]LogPakFile: PakFile FullDirectoryIndexSize=160
[2021.12.20-15.42.29:474][  0]LogShaderLibrary: Display: ShaderCodeLibraryPakFileMountedCallback: PakFile 'D:/Games/UE_4.27/FeaturePacks/MobileStarterContent.upack' (chunk index -1, root 'root:/') mounted
[2021.12.20-15.42.29:474][  0]LogShaderLibrary: Display: ShaderCodeLibraryPakFileMountedCallback: pending pak file info (ChunkID:-1 Root:root:/ File:D:/Games/UE_4.27/FeaturePacks/MobileStarterContent.upack)
[2021.12.20-15.42.29:474][  0]LogPakFile: OnPakFileMounted2Time == 0.000107
[2021.12.20-15.42.29:476][  0]LogPakFile: PakFile PrimaryIndexSize=185
[2021.12.20-15.42.29:476][  0]LogPakFile: PakFile PathHashIndexSize=101
[2021.12.20-15.42.29:476][  0]LogPakFile: PakFile FullDirectoryIndexSize=148
[2021.12.20-15.42.29:476][  0]LogShaderLibrary: Display: ShaderCodeLibraryPakFileMountedCallback: PakFile 'D:/Games/UE_4.27/FeaturePacks/StarterContent.upack' (chunk index -1, root 'root:/') mounted
[2021.12.20-15.42.29:476][  0]LogShaderLibrary: Display: ShaderCodeLibraryPakFileMountedCallback: pending pak file info (ChunkID:-1 Root:root:/ File:D:/Games/UE_4.27/FeaturePacks/StarterContent.upack)
[2021.12.20-15.42.29:476][  0]LogPakFile: OnPakFileMounted2Time == 0.000070
[2021.12.20-15.42.29:477][  0]LogPakFile: PakFile PrimaryIndexSize=190
[2021.12.20-15.42.29:477][  0]LogPakFile: PakFile PathHashIndexSize=101
[2021.12.20-15.42.29:477][  0]LogPakFile: PakFile FullDirectoryIndexSize=154
[2021.12.20-15.42.29:477][  0]LogShaderLibrary: Display: ShaderCodeLibraryPakFileMountedCallback: PakFile 'D:/Games/UE_4.27/FeaturePacks/TP_2DSideScroller.upack' (chunk index -1, root 'root:/') mounted
[2021.12.20-15.42.29:477][  0]LogShaderLibrary: Display: ShaderCodeLibraryPakFileMountedCallback: pending pak file info (ChunkID:-1 Root:root:/ File:D:/Games/UE_4.27/FeaturePacks/TP_2DSideScroller.upack)
[2021.12.20-15.42.29:477][  0]LogPakFile: OnPakFileMounted2Time == 0.000061
[2021.12.20-15.42.29:479][  0]LogPakFile: PakFile PrimaryIndexSize=192
[2021.12.20-15.42.29:479][  0]LogPakFile: PakFile PathHashIndexSize=101
[2021.12.20-15.42.29:479][  0]LogPakFile: PakFile FullDirectoryIndexSize=158
[2021.12.20-15.42.29:479][  0]LogShaderLibrary: Display: ShaderCodeLibraryPakFileMountedCallback: PakFile 'D:/Games/UE_4.27/FeaturePacks/TP_2DSideScrollerBP.upack' (chunk index -1, root 'root:/') mounted
[2021.12.20-15.42.29:479][  0]LogShaderLibrary: Display: ShaderCodeLibraryPakFileMountedCallback: pending pak file info (ChunkID:-1 Root:root:/ File:D:/Games/UE_4.27/FeaturePacks/TP_2DSideScrollerBP.upack)
[2021.12.20-15.42.29:479][  0]LogPakFile: OnPakFileMounted2Time == 0.000076
[2021.12.20-15.42.29:480][  0]LogPakFile: PakFile PrimaryIndexSize=182
[2021.12.20-15.42.29:480][  0]LogPakFile: PakFile PathHashIndexSize=101
[2021.12.20-15.42.29:480][  0]LogPakFile: PakFile FullDirectoryIndexSize=138
[2021.12.20-15.42.29:480][  0]LogShaderLibrary: Display: ShaderCodeLibraryPakFileMountedCallback: PakFile 'D:/Games/UE_4.27/FeaturePacks/TP_Flying.upack' (chunk index -1, root 'root:/') mounted
[2021.12.20-15.42.29:480][  0]LogShaderLibrary: Display: ShaderCodeLibraryPakFileMountedCallback: pending pak file info (ChunkID:-1 Root:root:/ File:D:/Games/UE_4.27/FeaturePacks/TP_Flying.upack)
[2021.12.20-15.42.29:480][  0]LogPakFile: OnPakFileMounted2Time == 0.000064
[2021.12.20-15.42.29:482][  0]LogPakFile: PakFile PrimaryIndexSize=184
[2021.12.20-15.42.29:482][  0]LogPakFile: PakFile PathHashIndexSize=101
[2021.12.20-15.42.29:482][  0]LogPakFile: PakFile FullDirectoryIndexSize=142
[2021.12.20-15.42.29:482][  0]LogShaderLibrary: Display: ShaderCodeLibraryPakFileMountedCallback: PakFile 'D:/Games/UE_4.27/FeaturePacks/TP_FlyingBP.upack' (chunk index -1, root 'root:/') mounted
[2021.12.20-15.42.29:482][  0]LogShaderLibrary: Display: ShaderCodeLibraryPakFileMountedCallback: pending pak file info (ChunkID:-1 Root:root:/ File:D:/Games/UE_4.27/FeaturePacks/TP_FlyingBP.upack)
[2021.12.20-15.42.29:482][  0]LogPakFile: OnPakFileMounted2Time == 0.000064
[2021.12.20-15.42.29:483][  0]LogPakFile: PakFile PrimaryIndexSize=188
[2021.12.20-15.42.29:483][  0]LogPakFile: PakFile PathHashIndexSize=101
[2021.12.20-15.42.29:483][  0]LogPakFile: PakFile FullDirectoryIndexSize=150
[2021.12.20-15.42.29:483][  0]LogShaderLibrary: Display: ShaderCodeLibraryPakFileMountedCallback: PakFile 'D:/Games/UE_4.27/FeaturePacks/TP_HandheldARBP.upack' (chunk index -1, root 'root:/') mounted
[2021.12.20-15.42.29:483][  0]LogShaderLibrary: Display: ShaderCodeLibraryPakFileMountedCallback: pending pak file info (ChunkID:-1 Root:root:/ File:D:/Games/UE_4.27/FeaturePacks/TP_HandheldARBP.upack)
[2021.12.20-15.42.29:483][  0]LogPakFile: OnPakFileMounted2Time == 0.000062
[2021.12.20-15.42.29:485][  0]LogPakFile: PakFile PrimaryIndexSize=182
[2021.12.20-15.42.29:485][  0]LogPakFile: PakFile PathHashIndexSize=101
[2021.12.20-15.42.29:485][  0]LogPakFile: PakFile FullDirectoryIndexSize=138
[2021.12.20-15.42.29:485][  0]LogShaderLibrary: Display: ShaderCodeLibraryPakFileMountedCallback: PakFile 'D:/Games/UE_4.27/FeaturePacks/TP_Puzzle.upack' (chunk index -1, root 'root:/') mounted
[2021.12.20-15.42.29:485][  0]LogShaderLibrary: Display: ShaderCodeLibraryPakFileMountedCallback: pending pak file info (ChunkID:-1 Root:root:/ File:D:/Games/UE_4.27/FeaturePacks/TP_Puzzle.upack)
[2021.12.20-15.42.29:485][  0]LogPakFile: OnPakFileMounted2Time == 0.000067
[2021.12.20-15.42.29:486][  0]LogPakFile: PakFile PrimaryIndexSize=184
[2021.12.20-15.42.29:486][  0]LogPakFile: PakFile PathHashIndexSize=101
[2021.12.20-15.42.29:486][  0]LogPakFile: PakFile FullDirectoryIndexSize=142
[2021.12.20-15.42.29:486][  0]LogShaderLibrary: Display: ShaderCodeLibraryPakFileMountedCallback: PakFile 'D:/Games/UE_4.27/FeaturePacks/TP_PuzzleBP.upack' (chunk index -1, root 'root:/') mounted
[2021.12.20-15.42.29:486][  0]LogShaderLibrary: Display: ShaderCodeLibraryPakFileMountedCallback: pending pak file info (ChunkID:-1 Root:root:/ File:D:/Games/UE_4.27/FeaturePacks/TP_PuzzleBP.upack)
[2021.12.20-15.42.29:486][  0]LogPakFile: OnPakFileMounted2Time == 0.000061
[2021.12.20-15.42.29:487][  0]LogPakFile: PakFile PrimaryIndexSize=183
[2021.12.20-15.42.29:487][  0]LogPakFile: PakFile PathHashIndexSize=101
[2021.12.20-15.42.29:488][  0]LogPakFile: PakFile FullDirectoryIndexSize=140
[2021.12.20-15.42.29:488][  0]LogShaderLibrary: Display: ShaderCodeLibraryPakFileMountedCallback: PakFile 'D:/Games/UE_4.27/FeaturePacks/TP_Rolling.upack' (chunk index -1, root 'root:/') mounted
[2021.12.20-15.42.29:488][  0]LogShaderLibrary: Display: ShaderCodeLibraryPakFileMountedCallback: pending pak file info (ChunkID:-1 Root:root:/ File:D:/Games/UE_4.27/FeaturePacks/TP_Rolling.upack)
[2021.12.20-15.42.29:488][  0]LogPakFile: OnPakFileMounted2Time == 0.000055
[2021.12.20-15.42.29:489][  0]LogPakFile: PakFile PrimaryIndexSize=185
[2021.12.20-15.42.29:489][  0]LogPakFile: PakFile PathHashIndexSize=101
[2021.12.20-15.42.29:489][  0]LogPakFile: PakFile FullDirectoryIndexSize=144
[2021.12.20-15.42.29:489][  0]LogShaderLibrary: Display: ShaderCodeLibraryPakFileMountedCallback: PakFile 'D:/Games/UE_4.27/FeaturePacks/TP_RollingBP.upack' (chunk index -1, root 'root:/') mounted
[2021.12.20-15.42.29:489][  0]LogShaderLibrary: Display: ShaderCodeLibraryPakFileMountedCallback: pending pak file info (ChunkID:-1 Root:root:/ File:D:/Games/UE_4.27/FeaturePacks/TP_RollingBP.upack)
[2021.12.20-15.42.29:489][  0]LogPakFile: OnPakFileMounted2Time == 0.000129
[2021.12.20-15.42.29:490][  0]LogPakFile: PakFile PrimaryIndexSize=188
[2021.12.20-15.42.29:490][  0]LogPakFile: PakFile PathHashIndexSize=101
[2021.12.20-15.42.29:490][  0]LogPakFile: PakFile FullDirectoryIndexSize=150
[2021.12.20-15.42.29:490][  0]LogShaderLibrary: Display: ShaderCodeLibraryPakFileMountedCallback: PakFile 'D:/Games/UE_4.27/FeaturePacks/TP_SideScroller.upack' (chunk index -1, root 'root:/') mounted
[2021.12.20-15.42.29:490][  0]LogShaderLibrary: Display: ShaderCodeLibraryPakFileMountedCallback: pending pak file info (ChunkID:-1 Root:root:/ File:D:/Games/UE_4.27/FeaturePacks/TP_SideScroller.upack)
[2021.12.20-15.42.29:490][  0]LogPakFile: OnPakFileMounted2Time == 0.000070
[2021.12.20-15.42.29:491][  0]LogPakFile: PakFile PrimaryIndexSize=190
[2021.12.20-15.42.29:491][  0]LogPakFile: PakFile PathHashIndexSize=101
[2021.12.20-15.42.29:491][  0]LogPakFile: PakFile FullDirectoryIndexSize=154
[2021.12.20-15.42.29:491][  0]LogShaderLibrary: Display: ShaderCodeLibraryPakFileMountedCallback: PakFile 'D:/Games/UE_4.27/FeaturePacks/TP_SideScrollerBP.upack' (chunk index -1, root 'root:/') mounted
[2021.12.20-15.42.29:492][  0]LogShaderLibrary: Display: ShaderCodeLibraryPakFileMountedCallback: pending pak file info (ChunkID:-1 Root:root:/ File:D:/Games/UE_4.27/FeaturePacks/TP_SideScrollerBP.upack)
[2021.12.20-15.42.29:492][  0]LogPakFile: OnPakFileMounted2Time == 0.000077
[2021.12.20-15.42.29:493][  0]LogPakFile: PakFile PrimaryIndexSize=187
[2021.12.20-15.42.29:493][  0]LogPakFile: PakFile PathHashIndexSize=101
[2021.12.20-15.42.29:493][  0]LogPakFile: PakFile FullDirectoryIndexSize=148
[2021.12.20-15.42.29:493][  0]LogShaderLibrary: Display: ShaderCodeLibraryPakFileMountedCallback: PakFile 'D:/Games/UE_4.27/FeaturePacks/TP_ThirdPerson.upack' (chunk index -1, root 'root:/') mounted
[2021.12.20-15.42.29:493][  0]LogShaderLibrary: Display: ShaderCodeLibraryPakFileMountedCallback: pending pak file info (ChunkID:-1 Root:root:/ File:D:/Games/UE_4.27/FeaturePacks/TP_ThirdPerson.upack)
[2021.12.20-15.42.29:493][  0]LogPakFile: OnPakFileMounted2Time == 0.000048
[2021.12.20-15.42.29:494][  0]LogPakFile: PakFile PrimaryIndexSize=189
[2021.12.20-15.42.29:494][  0]LogPakFile: PakFile PathHashIndexSize=101
[2021.12.20-15.42.29:494][  0]LogPakFile: PakFile FullDirectoryIndexSize=152
[2021.12.20-15.42.29:494][  0]LogShaderLibrary: Display: ShaderCodeLibraryPakFileMountedCallback: PakFile 'D:/Games/UE_4.27/FeaturePacks/TP_ThirdPersonBP.upack' (chunk index -1, root 'root:/') mounted
[2021.12.20-15.42.29:494][  0]LogShaderLibrary: Display: ShaderCodeLibraryPakFileMountedCallback: pending pak file info (ChunkID:-1 Root:root:/ File:D:/Games/UE_4.27/FeaturePacks/TP_ThirdPersonBP.upack)
[2021.12.20-15.42.29:494][  0]LogPakFile: OnPakFileMounted2Time == 0.000079
[2021.12.20-15.42.29:495][  0]LogPakFile: PakFile PrimaryIndexSize=183
[2021.12.20-15.42.29:495][  0]LogPakFile: PakFile PathHashIndexSize=101
[2021.12.20-15.42.29:495][  0]LogPakFile: PakFile FullDirectoryIndexSize=140
[2021.12.20-15.42.29:495][  0]LogShaderLibrary: Display: ShaderCodeLibraryPakFileMountedCallback: PakFile 'D:/Games/UE_4.27/FeaturePacks/TP_TopDown.upack' (chunk index -1, root 'root:/') mounted
[2021.12.20-15.42.29:495][  0]LogShaderLibrary: Display: ShaderCodeLibraryPakFileMountedCallback: pending pak file info (ChunkID:-1 Root:root:/ File:D:/Games/UE_4.27/FeaturePacks/TP_TopDown.upack)
[2021.12.20-15.42.29:495][  0]LogPakFile: OnPakFileMounted2Time == 0.000051
[2021.12.20-15.42.29:496][  0]LogPakFile: PakFile PrimaryIndexSize=185
[2021.12.20-15.42.29:496][  0]LogPakFile: PakFile PathHashIndexSize=101
[2021.12.20-15.42.29:496][  0]LogPakFile: PakFile FullDirectoryIndexSize=144
[2021.12.20-15.42.29:496][  0]LogShaderLibrary: Display: ShaderCodeLibraryPakFileMountedCallback: PakFile 'D:/Games/UE_4.27/FeaturePacks/TP_TopDownBP.upack' (chunk index -1, root 'root:/') mounted
[2021.12.20-15.42.29:496][  0]LogShaderLibrary: Display: ShaderCodeLibraryPakFileMountedCallback: pending pak file info (ChunkID:-1 Root:root:/ File:D:/Games/UE_4.27/FeaturePacks/TP_TopDownBP.upack)
[2021.12.20-15.42.29:496][  0]LogPakFile: OnPakFileMounted2Time == 0.000041
[2021.12.20-15.42.29:497][  0]LogPakFile: PakFile PrimaryIndexSize=185
[2021.12.20-15.42.29:497][  0]LogPakFile: PakFile PathHashIndexSize=101
[2021.12.20-15.42.29:497][  0]LogPakFile: PakFile FullDirectoryIndexSize=144
[2021.12.20-15.42.29:497][  0]LogShaderLibrary: Display: ShaderCodeLibraryPakFileMountedCallback: PakFile 'D:/Games/UE_4.27/FeaturePacks/TP_TwinStick.upack' (chunk index -1, root 'root:/') mounted
[2021.12.20-15.42.29:497][  0]LogShaderLibrary: Display: ShaderCodeLibraryPakFileMountedCallback: pending pak file info (ChunkID:-1 Root:root:/ File:D:/Games/UE_4.27/FeaturePacks/TP_TwinStick.upack)
[2021.12.20-15.42.29:497][  0]LogPakFile: OnPakFileMounted2Time == 0.000042
[2021.12.20-15.42.29:498][  0]LogPakFile: PakFile PrimaryIndexSize=187
[2021.12.20-15.42.29:498][  0]LogPakFile: PakFile PathHashIndexSize=101
[2021.12.20-15.42.29:498][  0]LogPakFile: PakFile FullDirectoryIndexSize=148
[2021.12.20-15.42.29:498][  0]LogShaderLibrary: Display: ShaderCodeLibraryPakFileMountedCallback: PakFile 'D:/Games/UE_4.27/FeaturePacks/TP_TwinStickBP.upack' (chunk index -1, root 'root:/') mounted
[2021.12.20-15.42.29:498][  0]LogShaderLibrary: Display: ShaderCodeLibraryPakFileMountedCallback: pending pak file info (ChunkID:-1 Root:root:/ File:D:/Games/UE_4.27/FeaturePacks/TP_TwinStickBP.upack)
[2021.12.20-15.42.29:498][  0]LogPakFile: OnPakFileMounted2Time == 0.000080
[2021.12.20-15.42.29:500][  0]LogPakFile: PakFile PrimaryIndexSize=183
[2021.12.20-15.42.29:500][  0]LogPakFile: PakFile PathHashIndexSize=101
[2021.12.20-15.42.29:500][  0]LogPakFile: PakFile FullDirectoryIndexSize=140
[2021.12.20-15.42.29:500][  0]LogShaderLibrary: Display: ShaderCodeLibraryPakFileMountedCallback: PakFile 'D:/Games/UE_4.27/FeaturePacks/TP_Vehicle.upack' (chunk index -1, root 'root:/') mounted
[2021.12.20-15.42.29:500][  0]LogShaderLibrary: Display: ShaderCodeLibraryPakFileMountedCallback: pending pak file info (ChunkID:-1 Root:root:/ File:D:/Games/UE_4.27/FeaturePacks/TP_Vehicle.upack)
[2021.12.20-15.42.29:500][  0]LogPakFile: OnPakFileMounted2Time == 0.000137
[2021.12.20-15.42.29:501][  0]LogPakFile: PakFile PrimaryIndexSize=186
[2021.12.20-15.42.29:501][  0]LogPakFile: PakFile PathHashIndexSize=101
[2021.12.20-15.42.29:501][  0]LogPakFile: PakFile FullDirectoryIndexSize=146
[2021.12.20-15.42.29:502][  0]LogShaderLibrary: Display: ShaderCodeLibraryPakFileMountedCallback: PakFile 'D:/Games/UE_4.27/FeaturePacks/TP_VehicleAdv.upack' (chunk index -1, root 'root:/') mounted
[2021.12.20-15.42.29:502][  0]LogShaderLibrary: Display: ShaderCodeLibraryPakFileMountedCallback: pending pak file info (ChunkID:-1 Root:root:/ File:D:/Games/UE_4.27/FeaturePacks/TP_VehicleAdv.upack)
[2021.12.20-15.42.29:502][  0]LogPakFile: OnPakFileMounted2Time == 0.000105
[2021.12.20-15.42.29:503][  0]LogPakFile: PakFile PrimaryIndexSize=188
[2021.12.20-15.42.29:503][  0]LogPakFile: PakFile PathHashIndexSize=101
[2021.12.20-15.42.29:503][  0]LogPakFile: PakFile FullDirectoryIndexSize=150
[2021.12.20-15.42.29:503][  0]LogShaderLibrary: Display: ShaderCodeLibraryPakFileMountedCallback: PakFile 'D:/Games/UE_4.27/FeaturePacks/TP_VehicleAdvBP.upack' (chunk index -1, root 'root:/') mounted
[2021.12.20-15.42.29:503][  0]LogShaderLibrary: Display: ShaderCodeLibraryPakFileMountedCallback: pending pak file info (ChunkID:-1 Root:root:/ File:D:/Games/UE_4.27/FeaturePacks/TP_VehicleAdvBP.upack)
[2021.12.20-15.42.29:503][  0]LogPakFile: OnPakFileMounted2Time == 0.000073
[2021.12.20-15.42.29:505][  0]LogPakFile: PakFile PrimaryIndexSize=185
[2021.12.20-15.42.29:505][  0]LogPakFile: PakFile PathHashIndexSize=101
[2021.12.20-15.42.29:505][  0]LogPakFile: PakFile FullDirectoryIndexSize=144
[2021.12.20-15.42.29:505][  0]LogShaderLibrary: Display: ShaderCodeLibraryPakFileMountedCallback: PakFile 'D:/Games/UE_4.27/FeaturePacks/TP_VehicleBP.upack' (chunk index -1, root 'root:/') mounted
[2021.12.20-15.42.29:505][  0]LogShaderLibrary: Display: ShaderCodeLibraryPakFileMountedCallback: pending pak file info (ChunkID:-1 Root:root:/ File:D:/Games/UE_4.27/FeaturePacks/TP_VehicleBP.upack)
[2021.12.20-15.42.29:505][  0]LogPakFile: OnPakFileMounted2Time == 0.000124
[2021.12.20-15.42.29:506][  0]LogPakFile: PakFile PrimaryIndexSize=192
[2021.12.20-15.42.29:507][  0]LogPakFile: PakFile PathHashIndexSize=101
[2021.12.20-15.42.29:507][  0]LogPakFile: PakFile FullDirectoryIndexSize=158
[2021.12.20-15.42.29:507][  0]LogShaderLibrary: Display: ShaderCodeLibraryPakFileMountedCallback: PakFile 'D:/Games/UE_4.27/FeaturePacks/TP_VirtualRealityBP.upack' (chunk index -1, root 'root:/') mounted
[2021.12.20-15.42.29:507][  0]LogShaderLibrary: Display: ShaderCodeLibraryPakFileMountedCallback: pending pak file info (ChunkID:-1 Root:root:/ File:D:/Games/UE_4.27/FeaturePacks/TP_VirtualRealityBP.upack)
[2021.12.20-15.42.29:507][  0]LogPakFile: OnPakFileMounted2Time == 0.000094
[2021.12.20-15.42.29:609][  0]LogNativeClassHierarchy: Verbose: Native class hierarchy updated for 'AddContentDialog' in 0.0003 seconds. Added 0 classes and 0 folders.
[2021.12.20-15.42.29:898][  0]LogNativeClassHierarchy: Verbose: Native class hierarchy updated for 'SceneOutliner' in 0.0005 seconds. Added 2 classes and 0 folders.
[2021.12.20-15.42.32:688][  0]LogSlate: Took 0.000235 seconds to synchronously load lazily loaded font '../../../Engine/Content/Slate/Fonts/Roboto-Regular.ttf' (155K)
[2021.12.20-15.42.32:726][  0]LogSlate: Took 0.022497 seconds to synchronously load lazily loaded font '../../../Engine/Content/Editor/Slate/Fonts/FontAwesome.ttf' (139K)
[2021.12.20-15.42.32:791][  0]LogSlate: Took 0.000565 seconds to synchronously load lazily loaded font '../../../Engine/Content/Slate/Fonts/Roboto-Bold.ttf' (160K)
[2021.12.20-15.42.33:288][  0]LogRenderer: Reallocating scene render targets to support 992x432 Format 10 NumSamples 1 (Frame:1).
[2021.12.20-15.42.34:213][  0]LogNativeClassHierarchy: Verbose: Native class hierarchy updated for 'HierarchicalLODOutliner' in 0.0003 seconds. Added 0 classes and 0 folders.
[2021.12.20-15.42.34:213][  0]LogLoad: (Engine Initialization) Total time: 22.95 seconds
[2021.12.20-15.42.34:213][  0]LogLoad: (Engine Initialization) Total Blueprint compile time: 0.00 seconds
[2021.12.20-15.42.34:324][  0]LogAssetRegistry: Asset discovery search completed in 18.0596 seconds
[2021.12.20-15.42.34:331][  0]LogCollectionManager: Fixed up redirectors for 0 collections in 0.000004 seconds (updated 0 objects)
[2021.12.20-15.42.34:340][  0]LogContentStreaming: Texture pool size now 1000 MB
